INFO  time: initialize in 0.91s
WARN  no build target: /home/mahamed/workspace/other/sca/scala-practise/src/main/scala/Main.scala
WARN  no build target: /home/mahamed/workspace/other/sca/scala-practise/src/main/scala/people/Person.scala
INFO  running '/usr/lib/jvm/java-8-openjdk-amd64/jre/bin/java -Djline.terminal=jline.UnsupportedTerminal -Dsbt.log.noformat=true -Dfile.encoding=UTF-8 -jar /tmp/metals8036543212155840202/sbt-launch.jar metalsEnable bloopInstall'
INFO  [info] Loading settings for project global-plugins from metals.sbt ...
INFO  [info] Loading global plugins from /home/mahamed/.sbt/1.0/plugins
INFO  [info] Loading project definition from /home/mahamed/workspace/other/sca/scala-practise/project
INFO  [success] Generated .bloop/scala-practise-build.json
INFO  [success] Total time: 5 s, completed 20-Oct-2019 09:42:22
INFO  [info] Loading settings for project scala-practise from build.sbt ...
INFO  [info] Set current project to hello-world (in build file:/home/mahamed/workspace/other/sca/scala-practise/)
INFO  [info] Set current project to hello-world (in build file:/home/mahamed/workspace/other/sca/scala-practise/)
INFO  [info] semanticdb-scalac is enabled
INFO  [warn] There may be incompatibilities among your library dependencies; run 'evicted' to see detailed eviction warnings.
INFO  [warn] There may be incompatibilities among your library dependencies; run 'evicted' to see detailed eviction warnings.
INFO  [success] Generated .bloop/scala-practise.json
INFO  [success] Generated .bloop/scala-practise-test.json
INFO  [success] Total time: 46 s, completed 20-Oct-2019 09:43:19
INFO  build tool exit: 0
INFO  time: ran 'sbt bloopInstall' in 2m4s
INFO  running embedded 'bloop bsp --protocol local --socket /tmp/bsp6040803329844069661/17f8zfl9d52qd.socket'
Downloading https://repo1.maven.org/maven2/ch/epfl/scala/bloop-frontend_2.12/1.3.2/bloop-frontend_2.12-1.3.2.pom
Downloading https://repo1.maven.org/maven2/ch/epfl/scala/bloop-frontend_2.12/1.3.2/bloop-frontend_2.12-1.3.2.pom.sha1
https://repo1.maven.org/maven2/ch/epfl/scala/bloop-frontend_2.… (0.00 %, 0 / 41…
https://repo1.maven.org/maven2/ch/epfl/scala/bloop-frontend_2.… (0.00 %, 0 / 40)

Downloaded https://repo1.maven.org/maven2/ch/epfl/scala/bloop-frontend_2.12/1.3.2/bloop-frontend_2.12-1.3.2.pom
Downloaded https://repo1.maven.org/maven2/ch/epfl/scala/bloop-frontend_2.12/1.3.2/bloop-frontend_2.12-1.3.2.pom.sha1
Downloading https://repo1.maven.org/maven2/ch/epfl/scala/bloop-frontend_2.12/1.3.2/
Downloaded https://repo1.maven.org/maven2/ch/epfl/scala/bloop-frontend_2.12/1.3.2/
Downloading https://repo1.maven.org/maven2/ch/epfl/scala/bloop-backend_2.12/1.3.2/bloop-backend_2.12-1.3.2.pom
Downloading https://repo1.maven.org/maven2/ch/epfl/scala/bloop-backend_2.12/1.3.2/bloop-backend_2.12-1.3.2.pom.sha1
Downloading https://repo1.maven.org/maven2/com/zaxxer/nuprocess/1.2.4/nuprocess-1.2.4.pom.sha1
Downloading https://repo1.maven.org/maven2/ch/epfl/scala/case-app_2.12/1.2.0-faster-compile-time/case-app_2.12-1.2.0-faster-compile-time.pom
Downloading https://repo1.maven.org/maven2/ch/epfl/scala/case-app_2.12/1.2.0-faster-compile-time/case-app_2.12-1.2.0-faster-compile-time.pom.sha1
Downloading https://repo1.maven.org/maven2/org/scalaz/scalaz-core_2.12/7.2.20/scalaz-core_2.12-7.2.20.pom
Downloaded https://repo1.maven.org/maven2/ch/epfl/scala/bloop-backend_2.12/1.3.2/bloop-backend_2.12-1.3.2.pom
Downloading https://repo1.maven.org/maven2/org/scalaz/scalaz-core_2.12/7.2.20/scalaz-core_2.12-7.2.20.pom.sha1
Downloaded https://repo1.maven.org/maven2/org/scalaz/scalaz-core_2.12/7.2.20/scalaz-core_2.12-7.2.20.pom.sha1
Downloading https://repo1.maven.org/maven2/ch/epfl/scala/bloop-config_2.12/1.3.2/bloop-config_2.12-1.3.2.pom.sha1
Downloaded https://repo1.maven.org/maven2/ch/epfl/scala/bloop-config_2.12/1.3.2/bloop-config_2.12-1.3.2.pom.sha1
Downloading https://repo1.maven.org/maven2/io/monix/monix_2.12/2.3.3/monix_2.12-2.3.3.pom
Downloaded https://repo1.maven.org/maven2/io/monix/monix_2.12/2.3.3/monix_2.12-2.3.3.pom
Downloaded https://repo1.maven.org/maven2/ch/epfl/scala/bloop-backend_2.12/1.3.2/bloop-backend_2.12-1.3.2.pom.sha1
Downloading https://repo1.maven.org/maven2/io/monix/monix_2.12/2.3.3/monix_2.12-2.3.3.pom.sha1
Downloading https://repo1.maven.org/maven2/ch/epfl/scala/sockets/1.3.2/sockets-1.3.2.pom
Downloaded https://repo1.maven.org/maven2/ch/epfl/scala/case-app_2.12/1.2.0-faster-compile-time/case-app_2.12-1.2.0-faster-compile-time.pom
Downloading https://repo1.maven.org/maven2/ch/epfl/scala/sockets/1.3.2/sockets-1.3.2.pom.sha1
Downloaded https://repo1.maven.org/maven2/org/scalaz/scalaz-core_2.12/7.2.20/scalaz-core_2.12-7.2.20.pom
Downloading https://repo1.maven.org/maven2/org/scala-lang/scala-library/2.12.10/scala-library-2.12.10.pom.sha1
Downloaded https://repo1.maven.org/maven2/com/zaxxer/nuprocess/1.2.4/nuprocess-1.2.4.pom.sha1
Downloaded https://repo1.maven.org/maven2/ch/epfl/scala/case-app_2.12/1.2.0-faster-compile-time/case-app_2.12-1.2.0-faster-compile-time.pom.sha1
Downloaded https://repo1.maven.org/maven2/io/monix/monix_2.12/2.3.3/monix_2.12-2.3.3.pom.sha1
Downloading https://repo1.maven.org/maven2/ch/epfl/scala/bloop-config_2.12/1.3.2/
Downloading https://repo1.maven.org/maven2/ch/epfl/scala/bloop-backend_2.12/1.3.2/
Downloading https://repo1.maven.org/maven2/com/zaxxer/nuprocess/1.2.4/
Downloaded https://repo1.maven.org/maven2/ch/epfl/scala/sockets/1.3.2/sockets-1.3.2.pom.sha1
Downloading https://repo1.maven.org/maven2/org/scalaz/scalaz-core_2.12/7.2.20/
Downloaded https://repo1.maven.org/maven2/ch/epfl/scala/sockets/1.3.2/sockets-1.3.2.pom
Downloading https://repo1.maven.org/maven2/ch/epfl/scala/case-app_2.12/1.2.0-faster-compile-time/
Downloaded https://repo1.maven.org/maven2/org/scala-lang/scala-library/2.12.10/scala-library-2.12.10.pom.sha1
Downloading https://repo1.maven.org/maven2/io/monix/monix_2.12/2.3.3/
Downloaded https://repo1.maven.org/maven2/ch/epfl/scala/bloop-config_2.12/1.3.2/
Downloaded https://repo1.maven.org/maven2/ch/epfl/scala/bloop-backend_2.12/1.3.2/
Downloaded https://repo1.maven.org/maven2/org/scalaz/scalaz-core_2.12/7.2.20/
Downloaded https://repo1.maven.org/maven2/ch/epfl/scala/case-app_2.12/1.2.0-faster-compile-time/
Downloaded https://repo1.maven.org/maven2/io/monix/monix_2.12/2.3.3/
Downloaded https://repo1.maven.org/maven2/com/zaxxer/nuprocess/1.2.4/
Downloading https://repo1.maven.org/maven2/ch/epfl/scala/sockets/1.3.2/
Downloading https://repo1.maven.org/maven2/org/scala-lang/scala-library/2.12.10/
Downloaded https://repo1.maven.org/maven2/ch/epfl/scala/sockets/1.3.2/
Downloaded https://repo1.maven.org/maven2/org/scala-lang/scala-library/2.12.10/
Downloading https://repo1.maven.org/maven2/org/sonatype/oss/oss-parent/7/oss-parent-7.pom.sha1
Downloaded https://repo1.maven.org/maven2/org/sonatype/oss/oss-parent/7/oss-parent-7.pom.sha1
Downloading https://repo1.maven.org/maven2/org/sonatype/oss/oss-parent/7/
Downloaded https://repo1.maven.org/maven2/org/sonatype/oss/oss-parent/7/
Downloading https://repo1.maven.org/maven2/net/java/dev/jna/jna-platform/4.5.0/jna-platform-4.5.0.pom.sha1
Downloading https://repo1.maven.org/maven2/io/zipkin/reporter2/zipkin-sender-urlconnection/2.7.15/zipkin-sender-urlconnection-2.7.15.pom
Downloading https://repo1.maven.org/maven2/io/zipkin/reporter2/zipkin-sender-urlconnection/2.7.15/zipkin-sender-urlconnection-2.7.15.pom.sha1
Downloading https://repo1.maven.org/maven2/io/circe/circe-parser_2.12/0.9.3/circe-parser_2.12-0.9.3.pom.sha1
Downloading https://repo1.maven.org/maven2/io/get-coursier/coursier-cache_2.12/1.1.0-M14-4/coursier-cache_2.12-1.1.0-M14-4.pom
Downloading https://repo1.maven.org/maven2/io/get-coursier/coursier-cache_2.12/1.1.0-M14-4/coursier-cache_2.12-1.1.0-M14-4.pom.sha1
Downloaded https://repo1.maven.org/maven2/net/java/dev/jna/jna-platform/4.5.0/jna-platform-4.5.0.pom.sha1
Downloading https://repo1.maven.org/maven2/ch/epfl/scala/case-app-annotations_2.12/1.2.0-faster-compile-time/case-app-annotations_2.12-1.2.0-faster-compile-time.pom
Downloaded https://repo1.maven.org/maven2/io/zipkin/reporter2/zipkin-sender-urlconnection/2.7.15/zipkin-sender-urlconnection-2.7.15.pom.sha1
Downloading https://repo1.maven.org/maven2/ch/epfl/scala/case-app-annotations_2.12/1.2.0-faster-compile-time/case-app-annotations_2.12-1.2.0-faster-compile-time.pom.sha1
Downloaded https://repo1.maven.org/maven2/io/zipkin/reporter2/zipkin-sender-urlconnection/2.7.15/zipkin-sender-urlconnection-2.7.15.pom
Downloading https://repo1.maven.org/maven2/io/circe/circe-derivation_2.12/0.9.0-M3/circe-derivation_2.12-0.9.0-M3.pom.sha1
Downloaded https://repo1.maven.org/maven2/io/circe/circe-parser_2.12/0.9.3/circe-parser_2.12-0.9.3.pom.sha1
Downloading https://repo1.maven.org/maven2/com/lihaoyi/pprint_2.12/0.5.3/pprint_2.12-0.5.3.pom
Downloaded https://repo1.maven.org/maven2/io/get-coursier/coursier-cache_2.12/1.1.0-M14-4/coursier-cache_2.12-1.1.0-M14-4.pom
Downloading https://repo1.maven.org/maven2/com/lihaoyi/pprint_2.12/0.5.3/pprint_2.12-0.5.3.pom.sha1
Downloaded https://repo1.maven.org/maven2/ch/epfl/scala/case-app-annotations_2.12/1.2.0-faster-compile-time/case-app-annotations_2.12-1.2.0-faster-compile-time.pom
Downloading https://repo1.maven.org/maven2/io/monix/monix-eval_2.12/2.3.3/monix-eval_2.12-2.3.3.pom
Downloaded https://repo1.maven.org/maven2/ch/epfl/scala/case-app-annotations_2.12/1.2.0-faster-compile-time/case-app-annotations_2.12-1.2.0-faster-compile-time.pom.sha1
Downloading https://repo1.maven.org/maven2/io/monix/monix-eval_2.12/2.3.3/monix-eval_2.12-2.3.3.pom.sha1
Downloaded https://repo1.maven.org/maven2/io/circe/circe-derivation_2.12/0.9.0-M3/circe-derivation_2.12-0.9.0-M3.pom.sha1
Downloading https://repo1.maven.org/maven2/ch/epfl/scala/nailgun-server/ee3c4343/nailgun-server-ee3c4343.pom
Downloaded https://repo1.maven.org/maven2/com/lihaoyi/pprint_2.12/0.5.3/pprint_2.12-0.5.3.pom.sha1
Downloading https://repo1.maven.org/maven2/ch/epfl/scala/nailgun-server/ee3c4343/nailgun-server-ee3c4343.pom.sha1
Downloaded https://repo1.maven.org/maven2/com/lihaoyi/pprint_2.12/0.5.3/pprint_2.12-0.5.3.pom
Downloading https://repo1.maven.org/maven2/io/zipkin/brave/brave/5.6.1/brave-5.6.1.pom
Downloaded https://repo1.maven.org/maven2/io/monix/monix-eval_2.12/2.3.3/monix-eval_2.12-2.3.3.pom
Downloading https://repo1.maven.org/maven2/io/zipkin/brave/brave/5.6.1/brave-5.6.1.pom.sha1
Downloaded https://repo1.maven.org/maven2/io/monix/monix-eval_2.12/2.3.3/monix-eval_2.12-2.3.3.pom.sha1
Downloading https://repo1.maven.org/maven2/ch/epfl/scala/case-app-util_2.12/1.2.0-faster-compile-time/case-app-util_2.12-1.2.0-faster-compile-time.pom
Downloaded https://repo1.maven.org/maven2/ch/epfl/scala/nailgun-server/ee3c4343/nailgun-server-ee3c4343.pom
Downloading https://repo1.maven.org/maven2/ch/epfl/scala/case-app-util_2.12/1.2.0-faster-compile-time/case-app-util_2.12-1.2.0-faster-compile-time.pom.sha1
Downloaded https://repo1.maven.org/maven2/io/zipkin/brave/brave/5.6.1/brave-5.6.1.pom.sha1
Downloading https://repo1.maven.org/maven2/io/github/soc/directories/10/directories-10.pom
Downloaded https://repo1.maven.org/maven2/ch/epfl/scala/nailgun-server/ee3c4343/nailgun-server-ee3c4343.pom.sha1
Downloaded https://repo1.maven.org/maven2/io/zipkin/brave/brave/5.6.1/brave-5.6.1.pom
Downloading https://repo1.maven.org/maven2/io/github/soc/directories/10/directories-10.pom.sha1
Downloading https://repo1.maven.org/maven2/org/ow2/asm/asm-util/6.0/asm-util-6.0.pom
Downloaded https://repo1.maven.org/maven2/ch/epfl/scala/case-app-util_2.12/1.2.0-faster-compile-time/case-app-util_2.12-1.2.0-faster-compile-time.pom
Downloading https://repo1.maven.org/maven2/org/ow2/asm/asm-util/6.0/asm-util-6.0.pom.sha1
Downloaded https://repo1.maven.org/maven2/ch/epfl/scala/case-app-util_2.12/1.2.0-faster-compile-time/case-app-util_2.12-1.2.0-faster-compile-time.pom.sha1
Downloading https://repo1.maven.org/maven2/org/ow2/asm/asm/6.0/asm-6.0.pom
Downloaded https://repo1.maven.org/maven2/io/github/soc/directories/10/directories-10.pom
Downloading https://repo1.maven.org/maven2/org/ow2/asm/asm/6.0/asm-6.0.pom.sha1
Downloaded https://repo1.maven.org/maven2/io/github/soc/directories/10/directories-10.pom.sha1
Downloaded https://repo1.maven.org/maven2/org/ow2/asm/asm-util/6.0/asm-util-6.0.pom
Downloading https://repo1.maven.org/maven2/com/lihaoyi/sourcecode_2.12/0.1.4/sourcecode_2.12-0.1.4.pom
Downloading https://repo1.maven.org/maven2/com/lihaoyi/sourcecode_2.12/0.1.4/sourcecode_2.12-0.1.4.pom.sha1
Downloaded https://repo1.maven.org/maven2/org/ow2/asm/asm-util/6.0/asm-util-6.0.pom.sha1
Downloaded https://repo1.maven.org/maven2/org/ow2/asm/asm/6.0/asm-6.0.pom
Downloading https://repo1.maven.org/maven2/io/monix/monix-execution_2.12/2.3.3/monix-execution_2.12-2.3.3.pom
Downloading https://repo1.maven.org/maven2/io/monix/monix-execution_2.12/2.3.3/monix-execution_2.12-2.3.3.pom.sha1
Downloaded https://repo1.maven.org/maven2/io/get-coursier/coursier-cache_2.12/1.1.0-M14-4/coursier-cache_2.12-1.1.0-M14-4.pom.sha1
Downloading https://repo1.maven.org/maven2/org/scala-sbt/librarymanagement-ivy_2.12/1.0.0/librarymanagement-ivy_2.12-1.0.0.pom
Downloaded https://repo1.maven.org/maven2/org/ow2/asm/asm/6.0/asm-6.0.pom.sha1
Downloading https://repo1.maven.org/maven2/org/scala-sbt/librarymanagement-ivy_2.12/1.0.0/librarymanagement-ivy_2.12-1.0.0.pom.sha1
Downloaded https://repo1.maven.org/maven2/io/monix/monix-execution_2.12/2.3.3/monix-execution_2.12-2.3.3.pom
Downloading https://repo1.maven.org/maven2/org/scala-sbt/test-interface/1.0/test-interface-1.0.pom.sha1
Downloaded https://repo1.maven.org/maven2/io/monix/monix-execution_2.12/2.3.3/monix-execution_2.12-2.3.3.pom.sha1
Downloaded https://repo1.maven.org/maven2/com/lihaoyi/sourcecode_2.12/0.1.4/sourcecode_2.12-0.1.4.pom
Downloading https://repo1.maven.org/maven2/net/java/dev/jna/jna/4.5.1/jna-4.5.1.pom.sha1
Downloaded https://repo1.maven.org/maven2/org/scala-sbt/librarymanagement-ivy_2.12/1.0.0/librarymanagement-ivy_2.12-1.0.0.pom.sha1
Downloading https://repo1.maven.org/maven2/ch/epfl/scala/bsp4s_2.12/2.0.0-M4/bsp4s_2.12-2.0.0-M4.pom
Downloaded https://repo1.maven.org/maven2/org/scala-sbt/librarymanagement-ivy_2.12/1.0.0/librarymanagement-ivy_2.12-1.0.0.pom
Downloading https://repo1.maven.org/maven2/ch/epfl/scala/bsp4s_2.12/2.0.0-M4/bsp4s_2.12-2.0.0-M4.pom.sha1
Downloading https://repo1.maven.org/maven2/ch/epfl/scala/directory-watcher/0.8.0+6-f651bd93/directory-watcher-0.8.0+6-f651bd93.pom
Downloaded https://repo1.maven.org/maven2/com/lihaoyi/sourcecode_2.12/0.1.4/sourcecode_2.12-0.1.4.pom.sha1
Downloading https://repo1.maven.org/maven2/ch/epfl/scala/directory-watcher/0.8.0+6-f651bd93/directory-watcher-0.8.0+6-f651bd93.pom.sha1
Downloaded https://repo1.maven.org/maven2/org/scala-sbt/test-interface/1.0/test-interface-1.0.pom.sha1
Downloading https://repo1.maven.org/maven2/ch/epfl/scala/zinc_2.12/1.3.0-M4+22-4704d479/zinc_2.12-1.3.0-M4+22-4704d479.pom
Downloaded https://repo1.maven.org/maven2/net/java/dev/jna/jna/4.5.1/jna-4.5.1.pom.sha1
Downloading https://repo1.maven.org/maven2/ch/epfl/scala/zinc_2.12/1.3.0-M4+22-4704d479/zinc_2.12-1.3.0-M4+22-4704d479.pom.sha1
Downloaded https://repo1.maven.org/maven2/ch/epfl/scala/bsp4s_2.12/2.0.0-M4/bsp4s_2.12-2.0.0-M4.pom
Downloaded https://repo1.maven.org/maven2/ch/epfl/scala/bsp4s_2.12/2.0.0-M4/bsp4s_2.12-2.0.0-M4.pom.sha1
Downloading https://repo1.maven.org/maven2/io/monix/monix-reactive_2.12/2.3.3/monix-reactive_2.12-2.3.3.pom
Downloading https://repo1.maven.org/maven2/io/monix/monix-reactive_2.12/2.3.3/monix-reactive_2.12-2.3.3.pom.sha1
Downloaded https://repo1.maven.org/maven2/ch/epfl/scala/directory-watcher/0.8.0+6-f651bd93/directory-watcher-0.8.0+6-f651bd93.pom
Downloaded https://repo1.maven.org/maven2/ch/epfl/scala/directory-watcher/0.8.0+6-f651bd93/directory-watcher-0.8.0+6-f651bd93.pom.sha1
Downloading https://repo1.maven.org/maven2/org/scalaz/scalaz-concurrent_2.12/7.2.20/scalaz-concurrent_2.12-7.2.20.pom
Downloading https://repo1.maven.org/maven2/org/scalaz/scalaz-concurrent_2.12/7.2.20/scalaz-concurrent_2.12-7.2.20.pom.sha1
Downloaded https://repo1.maven.org/maven2/ch/epfl/scala/zinc_2.12/1.3.0-M4+22-4704d479/zinc_2.12-1.3.0-M4+22-4704d479.pom
Downloading https://repo1.maven.org/maven2/org/scala-sbt/test-agent/1.0.4/test-agent-1.0.4.pom
Downloaded https://repo1.maven.org/maven2/ch/epfl/scala/zinc_2.12/1.3.0-M4+22-4704d479/zinc_2.12-1.3.0-M4+22-4704d479.pom.sha1
Downloading https://repo1.maven.org/maven2/org/scala-sbt/test-agent/1.0.4/test-agent-1.0.4.pom.sha1
Downloaded https://repo1.maven.org/maven2/io/monix/monix-reactive_2.12/2.3.3/monix-reactive_2.12-2.3.3.pom
Downloaded https://repo1.maven.org/maven2/io/monix/monix-reactive_2.12/2.3.3/monix-reactive_2.12-2.3.3.pom.sha1
Downloading https://repo1.maven.org/maven2/io/monix/monix-types_2.12/2.3.3/monix-types_2.12-2.3.3.pom
Downloading https://repo1.maven.org/maven2/io/monix/monix-types_2.12/2.3.3/monix-types_2.12-2.3.3.pom.sha1
Downloaded https://repo1.maven.org/maven2/org/scalaz/scalaz-concurrent_2.12/7.2.20/scalaz-concurrent_2.12-7.2.20.pom
Downloaded https://repo1.maven.org/maven2/org/scalaz/scalaz-concurrent_2.12/7.2.20/scalaz-concurrent_2.12-7.2.20.pom.sha1
Downloading https://repo1.maven.org/maven2/org/zeroturnaround/zt-zip/1.13/zt-zip-1.13.pom
Downloading https://repo1.maven.org/maven2/org/zeroturnaround/zt-zip/1.13/zt-zip-1.13.pom.sha1
Downloaded https://repo1.maven.org/maven2/org/scala-sbt/test-agent/1.0.4/test-agent-1.0.4.pom.sha1
Downloading https://repo1.maven.org/maven2/com/googlecode/java-diff-utils/diffutils/1.3.0/diffutils-1.3.0.pom.sha1
Downloaded https://repo1.maven.org/maven2/org/scala-sbt/test-agent/1.0.4/test-agent-1.0.4.pom
Downloading https://repo1.maven.org/maven2/net/jpountz/lz4/lz4/1.3.0/lz4-1.3.0.pom
Downloaded https://repo1.maven.org/maven2/io/monix/monix-types_2.12/2.3.3/monix-types_2.12-2.3.3.pom
Downloading https://repo1.maven.org/maven2/net/jpountz/lz4/lz4/1.3.0/lz4-1.3.0.pom.sha1
Downloaded https://repo1.maven.org/maven2/io/monix/monix-types_2.12/2.3.3/monix-types_2.12-2.3.3.pom.sha1
Downloading https://repo1.maven.org/maven2/io/get-coursier/coursier_2.12/1.1.0-M14-4/coursier_2.12-1.1.0-M14-4.pom
Downloaded https://repo1.maven.org/maven2/org/zeroturnaround/zt-zip/1.13/zt-zip-1.13.pom.sha1
Downloading https://repo1.maven.org/maven2/io/get-coursier/coursier_2.12/1.1.0-M14-4/coursier_2.12-1.1.0-M14-4.pom.sha1
Downloaded https://repo1.maven.org/maven2/org/zeroturnaround/zt-zip/1.13/zt-zip-1.13.pom
Downloaded https://repo1.maven.org/maven2/net/jpountz/lz4/lz4/1.3.0/lz4-1.3.0.pom.sha1
Downloaded https://repo1.maven.org/maven2/com/googlecode/java-diff-utils/diffutils/1.3.0/diffutils-1.3.0.pom.sha1
Downloaded https://repo1.maven.org/maven2/io/get-coursier/coursier_2.12/1.1.0-M14-4/coursier_2.12-1.1.0-M14-4.pom.sha1
Downloaded https://repo1.maven.org/maven2/net/jpountz/lz4/lz4/1.3.0/lz4-1.3.0.pom
Downloaded https://repo1.maven.org/maven2/io/get-coursier/coursier_2.12/1.1.0-M14-4/coursier_2.12-1.1.0-M14-4.pom
Downloading https://repo1.maven.org/maven2/io/zipkin/reporter2/zipkin-sender-urlconnection/2.7.15/
Downloading https://repo1.maven.org/maven2/io/circe/circe-parser_2.12/0.9.3/
Downloading https://repo1.maven.org/maven2/ch/epfl/scala/case-app-annotations_2.12/1.2.0-faster-compile-time/
Downloading https://repo1.maven.org/maven2/io/circe/circe-derivation_2.12/0.9.0-M3/
Downloading https://repo1.maven.org/maven2/com/lihaoyi/pprint_2.12/0.5.3/
Downloading https://repo1.maven.org/maven2/net/java/dev/jna/jna-platform/4.5.0/
Downloaded https://repo1.maven.org/maven2/io/zipkin/reporter2/zipkin-sender-urlconnection/2.7.15/
Downloading https://repo1.maven.org/maven2/io/monix/monix-eval_2.12/2.3.3/
Downloaded https://repo1.maven.org/maven2/io/circe/circe-parser_2.12/0.9.3/
Downloading https://repo1.maven.org/maven2/io/zipkin/brave/brave/5.6.1/
Downloaded https://repo1.maven.org/maven2/ch/epfl/scala/case-app-annotations_2.12/1.2.0-faster-compile-time/
Downloading https://repo1.maven.org/maven2/ch/epfl/scala/nailgun-server/ee3c4343/
Downloaded https://repo1.maven.org/maven2/io/circe/circe-derivation_2.12/0.9.0-M3/
Downloading https://repo1.maven.org/maven2/ch/epfl/scala/case-app-util_2.12/1.2.0-faster-compile-time/
Downloaded https://repo1.maven.org/maven2/com/lihaoyi/pprint_2.12/0.5.3/
Downloading https://repo1.maven.org/maven2/io/github/soc/directories/10/
Downloaded https://repo1.maven.org/maven2/io/zipkin/brave/brave/5.6.1/
Downloading https://repo1.maven.org/maven2/org/ow2/asm/asm-util/6.0/
Downloaded https://repo1.maven.org/maven2/io/monix/monix-eval_2.12/2.3.3/
Downloaded https://repo1.maven.org/maven2/ch/epfl/scala/nailgun-server/ee3c4343/
Downloading https://repo1.maven.org/maven2/io/get-coursier/coursier-cache_2.12/1.1.0-M14-4/
Downloading https://repo1.maven.org/maven2/org/ow2/asm/asm/6.0/
Downloaded https://repo1.maven.org/maven2/ch/epfl/scala/case-app-util_2.12/1.2.0-faster-compile-time/
Downloading https://repo1.maven.org/maven2/io/monix/monix-execution_2.12/2.3.3/
Downloaded https://repo1.maven.org/maven2/org/ow2/asm/asm-util/6.0/
Downloading https://repo1.maven.org/maven2/com/lihaoyi/sourcecode_2.12/0.1.4/
Downloaded https://repo1.maven.org/maven2/io/github/soc/directories/10/
Downloading https://repo1.maven.org/maven2/org/scala-sbt/test-interface/1.0/
Downloaded https://repo1.maven.org/maven2/io/get-coursier/coursier-cache_2.12/1.1.0-M14-4/
Downloading https://repo1.maven.org/maven2/net/java/dev/jna/jna/4.5.1/
Downloaded https://repo1.maven.org/maven2/org/ow2/asm/asm/6.0/
Downloading https://repo1.maven.org/maven2/ch/epfl/scala/bsp4s_2.12/2.0.0-M4/
Downloaded https://repo1.maven.org/maven2/io/monix/monix-execution_2.12/2.3.3/
Downloading https://repo1.maven.org/maven2/ch/epfl/scala/directory-watcher/0.8.0+6-f651bd93/
Downloaded https://repo1.maven.org/maven2/com/lihaoyi/sourcecode_2.12/0.1.4/
Downloading https://repo1.maven.org/maven2/ch/epfl/scala/zinc_2.12/1.3.0-M4+22-4704d479/
Downloaded https://repo1.maven.org/maven2/org/scala-sbt/test-interface/1.0/
Downloading https://repo1.maven.org/maven2/org/scalaz/scalaz-concurrent_2.12/7.2.20/
Downloaded https://repo1.maven.org/maven2/net/java/dev/jna/jna/4.5.1/
Downloading https://repo1.maven.org/maven2/org/scala-sbt/test-agent/1.0.4/
Downloaded https://repo1.maven.org/maven2/ch/epfl/scala/bsp4s_2.12/2.0.0-M4/
Downloading https://repo1.maven.org/maven2/io/monix/monix-types_2.12/2.3.3/
Downloaded https://repo1.maven.org/maven2/ch/epfl/scala/directory-watcher/0.8.0+6-f651bd93/
Downloading https://repo1.maven.org/maven2/org/zeroturnaround/zt-zip/1.13/
Downloaded https://repo1.maven.org/maven2/ch/epfl/scala/zinc_2.12/1.3.0-M4+22-4704d479/
Downloading https://repo1.maven.org/maven2/org/scala-sbt/librarymanagement-ivy_2.12/1.0.0/
Downloaded https://repo1.maven.org/maven2/org/scalaz/scalaz-concurrent_2.12/7.2.20/
Downloaded https://repo1.maven.org/maven2/io/monix/monix-types_2.12/2.3.3/
Downloaded https://repo1.maven.org/maven2/net/java/dev/jna/jna-platform/4.5.0/
Downloaded https://repo1.maven.org/maven2/org/scala-sbt/test-agent/1.0.4/
Downloaded https://repo1.maven.org/maven2/org/zeroturnaround/zt-zip/1.13/
Downloaded https://repo1.maven.org/maven2/org/scala-sbt/librarymanagement-ivy_2.12/1.0.0/
Downloading https://repo1.maven.org/maven2/io/monix/monix-reactive_2.12/2.3.3/
Downloading https://repo1.maven.org/maven2/com/googlecode/java-diff-utils/diffutils/1.3.0/
Downloading https://repo1.maven.org/maven2/net/jpountz/lz4/lz4/1.3.0/
Downloading https://repo1.maven.org/maven2/io/get-coursier/coursier_2.12/1.1.0-M14-4/
Downloaded https://repo1.maven.org/maven2/io/monix/monix-reactive_2.12/2.3.3/
Downloaded https://repo1.maven.org/maven2/com/googlecode/java-diff-utils/diffutils/1.3.0/
Downloaded https://repo1.maven.org/maven2/net/jpountz/lz4/lz4/1.3.0/
Downloaded https://repo1.maven.org/maven2/io/get-coursier/coursier_2.12/1.1.0-M14-4/
Downloading https://repo1.maven.org/maven2/io/zipkin/reporter2/zipkin-reporter-parent/2.7.15/zipkin-reporter-parent-2.7.15.pom
Downloading https://repo1.maven.org/maven2/io/zipkin/reporter2/zipkin-reporter-parent/2.7.15/zipkin-reporter-parent-2.7.15.pom.sha1
Downloading https://repo1.maven.org/maven2/io/zipkin/brave/brave-parent/5.6.1/brave-parent-5.6.1.pom
Downloading https://repo1.maven.org/maven2/io/zipkin/brave/brave-parent/5.6.1/brave-parent-5.6.1.pom.sha1
Downloading https://repo1.maven.org/maven2/org/ow2/asm/asm-parent/6.0/asm-parent-6.0.pom
Downloading https://repo1.maven.org/maven2/org/ow2/asm/asm-parent/6.0/asm-parent-6.0.pom.sha1
Downloaded https://repo1.maven.org/maven2/io/zipkin/reporter2/zipkin-reporter-parent/2.7.15/zipkin-reporter-parent-2.7.15.pom.sha1
Downloaded https://repo1.maven.org/maven2/io/zipkin/brave/brave-parent/5.6.1/brave-parent-5.6.1.pom.sha1
Downloaded https://repo1.maven.org/maven2/org/ow2/asm/asm-parent/6.0/asm-parent-6.0.pom
Downloaded https://repo1.maven.org/maven2/io/zipkin/reporter2/zipkin-reporter-parent/2.7.15/zipkin-reporter-parent-2.7.15.pom
Downloading https://repo1.maven.org/maven2/io/zipkin/reporter2/zipkin-reporter-parent/2.7.15/
Downloaded https://repo1.maven.org/maven2/io/zipkin/brave/brave-parent/5.6.1/brave-parent-5.6.1.pom
Downloading https://repo1.maven.org/maven2/io/zipkin/brave/brave-parent/5.6.1/
Downloaded https://repo1.maven.org/maven2/io/zipkin/reporter2/zipkin-reporter-parent/2.7.15/
Downloaded https://repo1.maven.org/maven2/io/zipkin/brave/brave-parent/5.6.1/
Downloaded https://repo1.maven.org/maven2/org/ow2/asm/asm-parent/6.0/asm-parent-6.0.pom.sha1
Downloading https://repo1.maven.org/maven2/org/ow2/asm/asm-parent/6.0/
Downloaded https://repo1.maven.org/maven2/org/ow2/asm/asm-parent/6.0/
Downloading https://repo1.maven.org/maven2/org/ow2/ow2/1.3/ow2-1.3.pom
Downloading https://repo1.maven.org/maven2/org/ow2/ow2/1.3/ow2-1.3.pom.sha1
Downloaded https://repo1.maven.org/maven2/org/ow2/ow2/1.3/ow2-1.3.pom.sha1
Downloaded https://repo1.maven.org/maven2/org/ow2/ow2/1.3/ow2-1.3.pom
Downloading https://repo1.maven.org/maven2/org/ow2/ow2/1.3/
Downloaded https://repo1.maven.org/maven2/org/ow2/ow2/1.3/
Downloading https://repo1.maven.org/maven2/org/jctools/jctools-core/2.0.1/jctools-core-2.0.1.pom
Downloading https://repo1.maven.org/maven2/org/jctools/jctools-core/2.0.1/jctools-core-2.0.1.pom.sha1
Downloading https://repo1.maven.org/maven2/com/google/protobuf/protobuf-java/3.7.0/protobuf-java-3.7.0.pom.sha1
Downloading https://repo1.maven.org/maven2/com/eed3si9n/sjson-new-core_2.12/0.8.0/sjson-new-core_2.12-0.8.0.pom
Downloading https://repo1.maven.org/maven2/com/eed3si9n/sjson-new-core_2.12/0.8.0/sjson-new-core_2.12-0.8.0.pom.sha1
Downloading https://repo1.maven.org/maven2/ch/epfl/scala/zinc-compile-core_2.12/1.3.0-M4+22-4704d479/zinc-compile-core_2.12-1.3.0-M4+22-4704d479.pom
Downloaded https://repo1.maven.org/maven2/com/eed3si9n/sjson-new-core_2.12/0.8.0/sjson-new-core_2.12-0.8.0.pom.sha1
Downloading https://repo1.maven.org/maven2/ch/epfl/scala/zinc-compile-core_2.12/1.3.0-M4+22-4704d479/zinc-compile-core_2.12-1.3.0-M4+22-4704d479.pom.sha1
Downloaded https://repo1.maven.org/maven2/com/google/protobuf/protobuf-java/3.7.0/protobuf-java-3.7.0.pom.sha1
Downloading https://repo1.maven.org/maven2/org/typelevel/macro-compat_2.12/1.1.1/macro-compat_2.12-1.1.1.pom.sha1
Downloaded https://repo1.maven.org/maven2/com/eed3si9n/sjson-new-core_2.12/0.8.0/sjson-new-core_2.12-0.8.0.pom
Downloaded https://repo1.maven.org/maven2/org/jctools/jctools-core/2.0.1/jctools-core-2.0.1.pom.sha1
Downloading https://repo1.maven.org/maven2/org/ow2/asm/asm-tree/6.0/asm-tree-6.0.pom
Downloading https://repo1.maven.org/maven2/org/ow2/asm/asm-tree/6.0/asm-tree-6.0.pom.sha1
Downloaded https://repo1.maven.org/maven2/org/jctools/jctools-core/2.0.1/jctools-core-2.0.1.pom
Downloading https://repo1.maven.org/maven2/org/scala-sbt/ivy/ivy/2.3.0-sbt-a3314352b638afbf0dca19f127e8263ed6f898bd/ivy-2.3.0-sbt-a3314352b638afbf0dca19f127e8263ed6f898bd.pom
Downloaded https://repo1.maven.org/maven2/org/typelevel/macro-compat_2.12/1.1.1/macro-compat_2.12-1.1.1.pom.sha1
Downloading https://repo1.maven.org/maven2/org/scala-sbt/ivy/ivy/2.3.0-sbt-a3314352b638afbf0dca19f127e8263ed6f898bd/ivy-2.3.0-sbt-a3314352b638afbf0dca19f127e8263ed6f898bd.pom.sha1
Downloaded https://repo1.maven.org/maven2/ch/epfl/scala/zinc-compile-core_2.12/1.3.0-M4+22-4704d479/zinc-compile-core_2.12-1.3.0-M4+22-4704d479.pom.sha1
Downloading https://repo1.maven.org/maven2/io/circe/circe-core_2.12/0.9.3/circe-core_2.12-0.9.3.pom.sha1
Downloaded https://repo1.maven.org/maven2/org/ow2/asm/asm-tree/6.0/asm-tree-6.0.pom
Downloaded https://repo1.maven.org/maven2/org/ow2/asm/asm-tree/6.0/asm-tree-6.0.pom.sha1
Downloading https://repo1.maven.org/maven2/ch/epfl/scala/zinc-classfile_2.12/1.3.0-M4+22-4704d479/zinc-classfile_2.12-1.3.0-M4+22-4704d479.pom
Downloading https://repo1.maven.org/maven2/ch/epfl/scala/zinc-classfile_2.12/1.3.0-M4+22-4704d479/zinc-classfile_2.12-1.3.0-M4+22-4704d479.pom.sha1
Downloaded https://repo1.maven.org/maven2/org/scala-sbt/ivy/ivy/2.3.0-sbt-a3314352b638afbf0dca19f127e8263ed6f898bd/ivy-2.3.0-sbt-a3314352b638afbf0dca19f127e8263ed6f898bd.pom
Downloading https://repo1.maven.org/maven2/net/java/dev/jna/jna/4.5.2/jna-4.5.2.pom
Downloaded https://repo1.maven.org/maven2/org/scala-sbt/ivy/ivy/2.3.0-sbt-a3314352b638afbf0dca19f127e8263ed6f898bd/ivy-2.3.0-sbt-a3314352b638afbf0dca19f127e8263ed6f898bd.pom.sha1
Downloading https://repo1.maven.org/maven2/net/java/dev/jna/jna/4.5.2/jna-4.5.2.pom.sha1
Downloaded https://repo1.maven.org/maven2/io/circe/circe-core_2.12/0.9.3/circe-core_2.12-0.9.3.pom.sha1
Downloading https://repo1.maven.org/maven2/org/reactivestreams/reactive-streams/1.0.0/reactive-streams-1.0.0.pom
Downloaded https://repo1.maven.org/maven2/net/java/dev/jna/jna/4.5.2/jna-4.5.2.pom
Downloading https://repo1.maven.org/maven2/org/reactivestreams/reactive-streams/1.0.0/reactive-streams-1.0.0.pom.sha1
Downloaded https://repo1.maven.org/maven2/ch/epfl/scala/zinc-classfile_2.12/1.3.0-M4+22-4704d479/zinc-classfile_2.12-1.3.0-M4+22-4704d479.pom.sha1
Downloading https://repo1.maven.org/maven2/com/lihaoyi/fansi_2.12/0.2.5/fansi_2.12-0.2.5.pom
Downloaded https://repo1.maven.org/maven2/ch/epfl/scala/zinc-classfile_2.12/1.3.0-M4+22-4704d479/zinc-classfile_2.12-1.3.0-M4+22-4704d479.pom
Downloading https://repo1.maven.org/maven2/com/lihaoyi/fansi_2.12/0.2.5/fansi_2.12-0.2.5.pom.sha1
Downloaded https://repo1.maven.org/maven2/net/java/dev/jna/jna/4.5.2/jna-4.5.2.pom.sha1
Downloading https://repo1.maven.org/maven2/io/circe/circe-derivation_2.12/0.9.0-M4/circe-derivation_2.12-0.9.0-M4.pom
Downloaded https://repo1.maven.org/maven2/org/reactivestreams/reactive-streams/1.0.0/reactive-streams-1.0.0.pom
Downloading https://repo1.maven.org/maven2/io/circe/circe-derivation_2.12/0.9.0-M4/circe-derivation_2.12-0.9.0-M4.pom.sha1
Downloaded https://repo1.maven.org/maven2/com/lihaoyi/fansi_2.12/0.2.5/fansi_2.12-0.2.5.pom.sha1
Downloading https://repo1.maven.org/maven2/io/circe/circe-jawn_2.12/0.9.3/circe-jawn_2.12-0.9.3.pom.sha1
Downloaded https://repo1.maven.org/maven2/org/reactivestreams/reactive-streams/1.0.0/reactive-streams-1.0.0.pom.sha1
Downloading https://repo1.maven.org/maven2/com/chuusai/shapeless_2.12/2.3.2/shapeless_2.12-2.3.2.pom
Downloaded https://repo1.maven.org/maven2/com/lihaoyi/fansi_2.12/0.2.5/fansi_2.12-0.2.5.pom
Downloading https://repo1.maven.org/maven2/com/chuusai/shapeless_2.12/2.3.2/shapeless_2.12-2.3.2.pom.sha1
Downloaded https://repo1.maven.org/maven2/io/circe/circe-derivation_2.12/0.9.0-M4/circe-derivation_2.12-0.9.0-M4.pom
Downloading https://repo1.maven.org/maven2/org/scala-sbt/librarymanagement-core_2.12/1.0.0/librarymanagement-core_2.12-1.0.0.pom
Downloaded https://repo1.maven.org/maven2/io/circe/circe-derivation_2.12/0.9.0-M4/circe-derivation_2.12-0.9.0-M4.pom.sha1
Downloading https://repo1.maven.org/maven2/org/scala-sbt/librarymanagement-core_2.12/1.0.0/librarymanagement-core_2.12-1.0.0.pom.sha1
Downloaded https://repo1.maven.org/maven2/ch/epfl/scala/zinc-compile-core_2.12/1.3.0-M4+22-4704d479/zinc-compile-core_2.12-1.3.0-M4+22-4704d479.pom
Downloading https://repo1.maven.org/maven2/io/zipkin/zipkin2/zipkin/2.12.1/zipkin-2.12.1.pom
Downloaded https://repo1.maven.org/maven2/io/circe/circe-jawn_2.12/0.9.3/circe-jawn_2.12-0.9.3.pom.sha1
Downloading https://repo1.maven.org/maven2/io/zipkin/zipkin2/zipkin/2.12.1/zipkin-2.12.1.pom.sha1
Downloaded https://repo1.maven.org/maven2/org/scala-sbt/librarymanagement-core_2.12/1.0.0/librarymanagement-core_2.12-1.0.0.pom
Downloaded https://repo1.maven.org/maven2/org/scala-sbt/librarymanagement-core_2.12/1.0.0/librarymanagement-core_2.12-1.0.0.pom.sha1
Downloading https://repo1.maven.org/maven2/io/get-coursier/coursier-core_2.12/1.1.0-M14-4/coursier-core_2.12-1.1.0-M14-4.pom
Downloading https://repo1.maven.org/maven2/io/get-coursier/coursier-core_2.12/1.1.0-M14-4/coursier-core_2.12-1.1.0-M14-4.pom.sha1
Downloaded https://repo1.maven.org/maven2/com/chuusai/shapeless_2.12/2.3.2/shapeless_2.12-2.3.2.pom
Downloading https://repo1.maven.org/maven2/com/github/alexarchambault/argonaut-shapeless_6.2_2.12/1.2.0-M11/argonaut-shapeless_6.2_2.12-1.2.0-M11.pom
Downloaded https://repo1.maven.org/maven2/com/chuusai/shapeless_2.12/2.3.2/shapeless_2.12-2.3.2.pom.sha1
Downloading https://repo1.maven.org/maven2/com/github/alexarchambault/argonaut-shapeless_6.2_2.12/1.2.0-M11/argonaut-shapeless_6.2_2.12-1.2.0-M11.pom.sha1
Downloaded https://repo1.maven.org/maven2/io/zipkin/zipkin2/zipkin/2.12.1/zipkin-2.12.1.pom
Downloaded https://repo1.maven.org/maven2/io/get-coursier/coursier-core_2.12/1.1.0-M14-4/coursier-core_2.12-1.1.0-M14-4.pom
Downloading https://repo1.maven.org/maven2/org/slf4j/slf4j-api/1.7.26/slf4j-api-1.7.26.pom.sha1
Downloaded https://repo1.maven.org/maven2/io/zipkin/zipkin2/zipkin/2.12.1/zipkin-2.12.1.pom.sha1
Downloading https://repo1.maven.org/maven2/ch/epfl/scala/zinc-core_2.12/1.3.0-M4+22-4704d479/zinc-core_2.12-1.3.0-M4+22-4704d479.pom
Downloaded https://repo1.maven.org/maven2/com/github/alexarchambault/argonaut-shapeless_6.2_2.12/1.2.0-M11/argonaut-shapeless_6.2_2.12-1.2.0-M11.pom
Downloaded https://repo1.maven.org/maven2/com/github/alexarchambault/argonaut-shapeless_6.2_2.12/1.2.0-M11/argonaut-shapeless_6.2_2.12-1.2.0-M11.pom.sha1
Downloading https://repo1.maven.org/maven2/ch/epfl/scala/zinc-core_2.12/1.3.0-M4+22-4704d479/zinc-core_2.12-1.3.0-M4+22-4704d479.pom.sha1
Downloaded https://repo1.maven.org/maven2/io/get-coursier/coursier-core_2.12/1.1.0-M14-4/coursier-core_2.12-1.1.0-M14-4.pom.sha1
Downloading https://repo1.maven.org/maven2/org/scalameta/lsp4s_2.12/0.2.0/lsp4s_2.12-0.2.0.pom
Downloading https://repo1.maven.org/maven2/org/scalameta/lsp4s_2.12/0.2.0/lsp4s_2.12-0.2.0.pom.sha1
Downloading https://repo1.maven.org/maven2/ch/epfl/scala/zinc-persist_2.12/1.3.0-M4+22-4704d479/zinc-persist_2.12-1.3.0-M4+22-4704d479.pom
Downloaded https://repo1.maven.org/maven2/ch/epfl/scala/zinc-core_2.12/1.3.0-M4+22-4704d479/zinc-core_2.12-1.3.0-M4+22-4704d479.pom.sha1
Downloading https://repo1.maven.org/maven2/ch/epfl/scala/zinc-persist_2.12/1.3.0-M4+22-4704d479/zinc-persist_2.12-1.3.0-M4+22-4704d479.pom.sha1
Downloaded https://repo1.maven.org/maven2/ch/epfl/scala/zinc-core_2.12/1.3.0-M4+22-4704d479/zinc-core_2.12-1.3.0-M4+22-4704d479.pom
Downloading https://repo1.maven.org/maven2/org/scalaz/scalaz-effect_2.12/7.2.20/scalaz-effect_2.12-7.2.20.pom
Downloaded https://repo1.maven.org/maven2/org/scalameta/lsp4s_2.12/0.2.0/lsp4s_2.12-0.2.0.pom
Downloading https://repo1.maven.org/maven2/org/scalaz/scalaz-effect_2.12/7.2.20/scalaz-effect_2.12-7.2.20.pom.sha1
Downloaded https://repo1.maven.org/maven2/org/scalameta/lsp4s_2.12/0.2.0/lsp4s_2.12-0.2.0.pom.sha1
Downloading https://repo1.maven.org/maven2/io/zipkin/reporter2/zipkin-reporter/2.7.15/zipkin-reporter-2.7.15.pom
Downloaded https://repo1.maven.org/maven2/org/slf4j/slf4j-api/1.7.26/slf4j-api-1.7.26.pom.sha1
Downloading https://repo1.maven.org/maven2/io/zipkin/reporter2/zipkin-reporter/2.7.15/zipkin-reporter-2.7.15.pom.sha1
Downloaded https://repo1.maven.org/maven2/ch/epfl/scala/zinc-persist_2.12/1.3.0-M4+22-4704d479/zinc-persist_2.12-1.3.0-M4+22-4704d479.pom
Downloaded https://repo1.maven.org/maven2/ch/epfl/scala/zinc-persist_2.12/1.3.0-M4+22-4704d479/zinc-persist_2.12-1.3.0-M4+22-4704d479.pom.sha1
Downloading https://repo1.maven.org/maven2/com/google/protobuf/protobuf-java/3.7.0/
Downloaded https://repo1.maven.org/maven2/org/scalaz/scalaz-effect_2.12/7.2.20/scalaz-effect_2.12-7.2.20.pom
Downloading https://repo1.maven.org/maven2/org/typelevel/macro-compat_2.12/1.1.1/
Downloaded https://repo1.maven.org/maven2/org/scalaz/scalaz-effect_2.12/7.2.20/scalaz-effect_2.12-7.2.20.pom.sha1
Downloading https://repo1.maven.org/maven2/io/circe/circe-core_2.12/0.9.3/
Downloading https://repo1.maven.org/maven2/com/eed3si9n/sjson-new-core_2.12/0.8.0/
Downloaded https://repo1.maven.org/maven2/io/zipkin/reporter2/zipkin-reporter/2.7.15/zipkin-reporter-2.7.15.pom
Downloading https://repo1.maven.org/maven2/org/jctools/jctools-core/2.0.1/
Downloaded https://repo1.maven.org/maven2/io/zipkin/reporter2/zipkin-reporter/2.7.15/zipkin-reporter-2.7.15.pom.sha1
Downloading https://repo1.maven.org/maven2/org/ow2/asm/asm-tree/6.0/
Downloaded https://repo1.maven.org/maven2/org/typelevel/macro-compat_2.12/1.1.1/
Downloading https://repo1.maven.org/maven2/org/scala-sbt/ivy/ivy/2.3.0-sbt-a3314352b638afbf0dca19f127e8263ed6f898bd/
Downloaded https://repo1.maven.org/maven2/io/circe/circe-core_2.12/0.9.3/
Downloading https://repo1.maven.org/maven2/net/java/dev/jna/jna/4.5.2/
Downloaded https://repo1.maven.org/maven2/com/google/protobuf/protobuf-java/3.7.0/
Downloading https://repo1.maven.org/maven2/ch/epfl/scala/zinc-classfile_2.12/1.3.0-M4+22-4704d479/
Downloaded https://repo1.maven.org/maven2/com/eed3si9n/sjson-new-core_2.12/0.8.0/
Downloading https://repo1.maven.org/maven2/org/reactivestreams/reactive-streams/1.0.0/
Downloaded https://repo1.maven.org/maven2/org/jctools/jctools-core/2.0.1/
Downloaded https://repo1.maven.org/maven2/org/ow2/asm/asm-tree/6.0/
Downloading https://repo1.maven.org/maven2/com/lihaoyi/fansi_2.12/0.2.5/
Downloading https://repo1.maven.org/maven2/io/circe/circe-derivation_2.12/0.9.0-M4/
Downloaded https://repo1.maven.org/maven2/org/scala-sbt/ivy/ivy/2.3.0-sbt-a3314352b638afbf0dca19f127e8263ed6f898bd/
Downloading https://repo1.maven.org/maven2/io/circe/circe-jawn_2.12/0.9.3/
Downloaded https://repo1.maven.org/maven2/net/java/dev/jna/jna/4.5.2/
Downloading https://repo1.maven.org/maven2/org/slf4j/slf4j-api/1.7.26/
Downloaded https://repo1.maven.org/maven2/ch/epfl/scala/zinc-classfile_2.12/1.3.0-M4+22-4704d479/
Downloading https://repo1.maven.org/maven2/ch/epfl/scala/zinc-compile-core_2.12/1.3.0-M4+22-4704d479/
Downloaded https://repo1.maven.org/maven2/org/reactivestreams/reactive-streams/1.0.0/
Downloading https://repo1.maven.org/maven2/org/scala-sbt/librarymanagement-core_2.12/1.0.0/
Downloaded https://repo1.maven.org/maven2/com/lihaoyi/fansi_2.12/0.2.5/
Downloading https://repo1.maven.org/maven2/com/chuusai/shapeless_2.12/2.3.2/
Downloaded https://repo1.maven.org/maven2/io/circe/circe-derivation_2.12/0.9.0-M4/
Downloading https://repo1.maven.org/maven2/io/get-coursier/coursier-core_2.12/1.1.0-M14-4/
Downloaded https://repo1.maven.org/maven2/io/circe/circe-jawn_2.12/0.9.3/
Downloading https://repo1.maven.org/maven2/com/github/alexarchambault/argonaut-shapeless_6.2_2.12/1.2.0-M11/
Downloaded https://repo1.maven.org/maven2/org/slf4j/slf4j-api/1.7.26/
Downloading https://repo1.maven.org/maven2/io/zipkin/zipkin2/zipkin/2.12.1/
Downloaded https://repo1.maven.org/maven2/ch/epfl/scala/zinc-compile-core_2.12/1.3.0-M4+22-4704d479/
Downloading https://repo1.maven.org/maven2/ch/epfl/scala/zinc-core_2.12/1.3.0-M4+22-4704d479/
Downloaded https://repo1.maven.org/maven2/org/scala-sbt/librarymanagement-core_2.12/1.0.0/
Downloading https://repo1.maven.org/maven2/org/scalameta/lsp4s_2.12/0.2.0/
Downloaded https://repo1.maven.org/maven2/com/chuusai/shapeless_2.12/2.3.2/
Downloaded https://repo1.maven.org/maven2/io/get-coursier/coursier-core_2.12/1.1.0-M14-4/
Downloaded https://repo1.maven.org/maven2/com/github/alexarchambault/argonaut-shapeless_6.2_2.12/1.2.0-M11/
Downloaded https://repo1.maven.org/maven2/io/zipkin/zipkin2/zipkin/2.12.1/
Downloading https://repo1.maven.org/maven2/ch/epfl/scala/zinc-persist_2.12/1.3.0-M4+22-4704d479/
Downloaded https://repo1.maven.org/maven2/ch/epfl/scala/zinc-core_2.12/1.3.0-M4+22-4704d479/
Downloaded https://repo1.maven.org/maven2/org/scalameta/lsp4s_2.12/0.2.0/
Downloading https://repo1.maven.org/maven2/org/scalaz/scalaz-effect_2.12/7.2.20/
Downloading https://repo1.maven.org/maven2/io/zipkin/reporter2/zipkin-reporter/2.7.15/
Downloaded https://repo1.maven.org/maven2/ch/epfl/scala/zinc-persist_2.12/1.3.0-M4+22-4704d479/
Downloaded https://repo1.maven.org/maven2/org/scalaz/scalaz-effect_2.12/7.2.20/
Downloaded https://repo1.maven.org/maven2/io/zipkin/reporter2/zipkin-reporter/2.7.15/
Downloading https://repo1.maven.org/maven2/com/google/protobuf/protobuf-parent/3.7.0/protobuf-parent-3.7.0.pom.sha1
Downloading https://repo1.maven.org/maven2/io/zipkin/zipkin2/parent/2.12.1/parent-2.12.1.pom
Downloading https://repo1.maven.org/maven2/io/zipkin/zipkin2/parent/2.12.1/parent-2.12.1.pom.sha1
Downloading https://repo1.maven.org/maven2/org/slf4j/slf4j-parent/1.7.26/slf4j-parent-1.7.26.pom.sha1
Downloaded https://repo1.maven.org/maven2/org/slf4j/slf4j-parent/1.7.26/slf4j-parent-1.7.26.pom.sha1
Downloaded https://repo1.maven.org/maven2/io/zipkin/zipkin2/parent/2.12.1/parent-2.12.1.pom.sha1
Downloading https://repo1.maven.org/maven2/org/slf4j/slf4j-parent/1.7.26/
Downloaded https://repo1.maven.org/maven2/com/google/protobuf/protobuf-parent/3.7.0/protobuf-parent-3.7.0.pom.sha1
Downloading https://repo1.maven.org/maven2/com/google/protobuf/protobuf-parent/3.7.0/
Downloaded https://repo1.maven.org/maven2/io/zipkin/zipkin2/parent/2.12.1/parent-2.12.1.pom
Downloading https://repo1.maven.org/maven2/io/zipkin/zipkin2/parent/2.12.1/
Downloaded https://repo1.maven.org/maven2/org/slf4j/slf4j-parent/1.7.26/
Downloaded https://repo1.maven.org/maven2/com/google/protobuf/protobuf-parent/3.7.0/
Downloaded https://repo1.maven.org/maven2/io/zipkin/zipkin2/parent/2.12.1/
Downloading https://repo1.maven.org/maven2/com/google/protobuf/protobuf-bom/3.7.0/protobuf-bom-3.7.0.pom.sha1
Downloaded https://repo1.maven.org/maven2/com/google/protobuf/protobuf-bom/3.7.0/protobuf-bom-3.7.0.pom.sha1
Downloading https://repo1.maven.org/maven2/com/google/protobuf/protobuf-bom/3.7.0/
Downloaded https://repo1.maven.org/maven2/com/google/protobuf/protobuf-bom/3.7.0/
Downloading https://repo1.maven.org/maven2/org/scala-sbt/util-cache_2.12/1.0.0/util-cache_2.12-1.0.0.pom
Downloading https://repo1.maven.org/maven2/org/scala-sbt/util-cache_2.12/1.0.0/util-cache_2.12-1.0.0.pom.sha1
Downloading https://repo1.maven.org/maven2/ch/epfl/scala/zinc-apiinfo_2.12/1.3.0-M4+22-4704d479/zinc-apiinfo_2.12-1.3.0-M4+22-4704d479.pom
Downloading https://repo1.maven.org/maven2/ch/epfl/scala/zinc-apiinfo_2.12/1.3.0-M4+22-4704d479/zinc-apiinfo_2.12-1.3.0-M4+22-4704d479.pom.sha1
Downloading https://repo1.maven.org/maven2/io/argonaut/argonaut_2.12/6.2.3/argonaut_2.12-6.2.3.pom
Downloading https://repo1.maven.org/maven2/io/argonaut/argonaut_2.12/6.2.3/argonaut_2.12-6.2.3.pom.sha1
Downloaded https://repo1.maven.org/maven2/org/scala-sbt/util-cache_2.12/1.0.0/util-cache_2.12-1.0.0.pom
Downloading https://repo1.maven.org/maven2/org/scala-lang/modules/scala-xml_2.12/1.2.0/scala-xml_2.12-1.2.0.pom.sha1
Downloaded https://repo1.maven.org/maven2/ch/epfl/scala/zinc-apiinfo_2.12/1.3.0-M4+22-4704d479/zinc-apiinfo_2.12-1.3.0-M4+22-4704d479.pom
Downloading https://repo1.maven.org/maven2/ch/epfl/scala/zinc-classpath_2.12/1.3.0-M4+22-4704d479/zinc-classpath_2.12-1.3.0-M4+22-4704d479.pom
Downloaded https://repo1.maven.org/maven2/org/scala-sbt/util-cache_2.12/1.0.0/util-cache_2.12-1.0.0.pom.sha1
Downloading https://repo1.maven.org/maven2/ch/epfl/scala/zinc-classpath_2.12/1.3.0-M4+22-4704d479/zinc-classpath_2.12-1.3.0-M4+22-4704d479.pom.sha1
Downloaded https://repo1.maven.org/maven2/ch/epfl/scala/zinc-apiinfo_2.12/1.3.0-M4+22-4704d479/zinc-apiinfo_2.12-1.3.0-M4+22-4704d479.pom.sha1
Downloading https://repo1.maven.org/maven2/org/scala-lang/scala-reflect/2.12.10/scala-reflect-2.12.10.pom.sha1
Downloaded https://repo1.maven.org/maven2/io/argonaut/argonaut_2.12/6.2.3/argonaut_2.12-6.2.3.pom
Downloading https://repo1.maven.org/maven2/com/squareup/okhttp3/okhttp-urlconnection/3.7.0/okhttp-urlconnection-3.7.0.pom.sha1
Downloaded https://repo1.maven.org/maven2/org/scala-lang/modules/scala-xml_2.12/1.2.0/scala-xml_2.12-1.2.0.pom.sha1
Downloading https://repo1.maven.org/maven2/org/scala-lang/scala-compiler/2.12.10/scala-compiler-2.12.10.pom.sha1
Downloaded https://repo1.maven.org/maven2/ch/epfl/scala/zinc-classpath_2.12/1.3.0-M4+22-4704d479/zinc-classpath_2.12-1.3.0-M4+22-4704d479.pom
Downloading https://repo1.maven.org/maven2/com/chuusai/shapeless_2.12/2.3.3/shapeless_2.12-2.3.3.pom.sha1
Downloaded https://repo1.maven.org/maven2/ch/epfl/scala/zinc-classpath_2.12/1.3.0-M4+22-4704d479/zinc-classpath_2.12-1.3.0-M4+22-4704d479.pom.sha1
Downloaded https://repo1.maven.org/maven2/org/scala-lang/scala-reflect/2.12.10/scala-reflect-2.12.10.pom.sha1
Downloading https://repo1.maven.org/maven2/com/beachape/enumeratum-circe_2.12/1.5.17/enumeratum-circe_2.12-1.5.17.pom
Downloaded https://repo1.maven.org/maven2/com/squareup/okhttp3/okhttp-urlconnection/3.7.0/okhttp-urlconnection-3.7.0.pom.sha1
Downloading https://repo1.maven.org/maven2/com/beachape/enumeratum-circe_2.12/1.5.17/enumeratum-circe_2.12-1.5.17.pom.sha1
Downloading https://repo1.maven.org/maven2/org/scala-sbt/launcher-interface/1.0.0/launcher-interface-1.0.0.pom
Downloaded https://repo1.maven.org/maven2/org/scala-lang/scala-compiler/2.12.10/scala-compiler-2.12.10.pom.sha1
Downloading https://repo1.maven.org/maven2/org/scala-sbt/launcher-interface/1.0.0/launcher-interface-1.0.0.pom.sha1
Downloaded https://repo1.maven.org/maven2/com/chuusai/shapeless_2.12/2.3.3/shapeless_2.12-2.3.3.pom.sha1
Downloaded https://repo1.maven.org/maven2/com/beachape/enumeratum-circe_2.12/1.5.17/enumeratum-circe_2.12-1.5.17.pom.sha1
Downloading https://repo1.maven.org/maven2/org/typelevel/cats-core_2.12/1.0.1/cats-core_2.12-1.0.1.pom.sha1
Downloading https://repo1.maven.org/maven2/org/scala-lang/modules/scala-parser-combinators_2.12/1.0.5/scala-parser-combinators_2.12-1.0.5.pom
Downloaded https://repo1.maven.org/maven2/org/scala-sbt/launcher-interface/1.0.0/launcher-interface-1.0.0.pom
Downloading https://repo1.maven.org/maven2/org/scala-lang/modules/scala-parser-combinators_2.12/1.0.5/scala-parser-combinators_2.12-1.0.5.pom.sha1
Downloaded https://repo1.maven.org/maven2/com/beachape/enumeratum-circe_2.12/1.5.17/enumeratum-circe_2.12-1.5.17.pom
Downloading https://repo1.maven.org/maven2/com/eed3si9n/gigahorse-okhttp_2.12/0.3.0/gigahorse-okhttp_2.12-0.3.0.pom
Downloaded https://repo1.maven.org/maven2/org/scala-sbt/launcher-interface/1.0.0/launcher-interface-1.0.0.pom.sha1
Downloading https://repo1.maven.org/maven2/com/eed3si9n/gigahorse-okhttp_2.12/0.3.0/gigahorse-okhttp_2.12-0.3.0.pom.sha1
Downloaded https://repo1.maven.org/maven2/org/scala-lang/modules/scala-parser-combinators_2.12/1.0.5/scala-parser-combinators_2.12-1.0.5.pom
Downloading https://repo1.maven.org/maven2/ch/epfl/scala/compiler-interface/1.3.0-M4+22-4704d479/compiler-interface-1.3.0-M4+22-4704d479.pom
Downloaded https://repo1.maven.org/maven2/com/eed3si9n/gigahorse-okhttp_2.12/0.3.0/gigahorse-okhttp_2.12-0.3.0.pom.sha1
Downloading https://repo1.maven.org/maven2/ch/epfl/scala/compiler-interface/1.3.0-M4+22-4704d479/compiler-interface-1.3.0-M4+22-4704d479.pom.sha1
Downloaded https://repo1.maven.org/maven2/com/eed3si9n/gigahorse-okhttp_2.12/0.3.0/gigahorse-okhttp_2.12-0.3.0.pom
Downloading https://repo1.maven.org/maven2/com/beachape/enumeratum_2.12/1.5.13/enumeratum_2.12-1.5.13.pom
Downloaded https://repo1.maven.org/maven2/org/typelevel/cats-core_2.12/1.0.1/cats-core_2.12-1.0.1.pom.sha1
Downloading https://repo1.maven.org/maven2/com/beachape/enumeratum_2.12/1.5.13/enumeratum_2.12-1.5.13.pom.sha1
Downloaded https://repo1.maven.org/maven2/io/argonaut/argonaut_2.12/6.2.3/argonaut_2.12-6.2.3.pom.sha1
Downloaded https://repo1.maven.org/maven2/org/scala-lang/modules/scala-parser-combinators_2.12/1.0.5/scala-parser-combinators_2.12-1.0.5.pom.sha1
Downloading https://repo1.maven.org/maven2/org/scala-sbt/util-logging_2.12/1.2.1/util-logging_2.12-1.2.1.pom
Downloading https://repo1.maven.org/maven2/org/scala-sbt/util-logging_2.12/1.2.1/util-logging_2.12-1.2.1.pom.sha1
Downloaded https://repo1.maven.org/maven2/ch/epfl/scala/compiler-interface/1.3.0-M4+22-4704d479/compiler-interface-1.3.0-M4+22-4704d479.pom.sha1
Downloading https://repo1.maven.org/maven2/com/jcraft/jsch/0.1.46/jsch-0.1.46.pom
Downloaded https://repo1.maven.org/maven2/ch/epfl/scala/compiler-interface/1.3.0-M4+22-4704d479/compiler-interface-1.3.0-M4+22-4704d479.pom
Downloading https://repo1.maven.org/maven2/com/jcraft/jsch/0.1.46/jsch-0.1.46.pom.sha1
Downloaded https://repo1.maven.org/maven2/com/beachape/enumeratum_2.12/1.5.13/enumeratum_2.12-1.5.13.pom
Downloading https://repo1.maven.org/maven2/org/scalameta/jsonrpc_2.12/0.2.0/jsonrpc_2.12-0.2.0.pom
Downloaded https://repo1.maven.org/maven2/com/beachape/enumeratum_2.12/1.5.13/enumeratum_2.12-1.5.13.pom.sha1
Downloading https://repo1.maven.org/maven2/org/scalameta/jsonrpc_2.12/0.2.0/jsonrpc_2.12-0.2.0.pom.sha1
Downloaded https://repo1.maven.org/maven2/org/scala-sbt/util-logging_2.12/1.2.1/util-logging_2.12-1.2.1.pom.sha1
Downloading https://repo1.maven.org/maven2/org/scala-sbt/io_2.12/1.2.0/io_2.12-1.2.0.pom
Downloaded https://repo1.maven.org/maven2/org/scala-sbt/util-logging_2.12/1.2.1/util-logging_2.12-1.2.1.pom
Downloading https://repo1.maven.org/maven2/org/scala-sbt/io_2.12/1.2.0/io_2.12-1.2.0.pom.sha1
Downloaded https://repo1.maven.org/maven2/com/jcraft/jsch/0.1.46/jsch-0.1.46.pom
Downloaded https://repo1.maven.org/maven2/org/scalameta/jsonrpc_2.12/0.2.0/jsonrpc_2.12-0.2.0.pom
Downloaded https://repo1.maven.org/maven2/org/scalameta/jsonrpc_2.12/0.2.0/jsonrpc_2.12-0.2.0.pom.sha1
Downloading https://repo1.maven.org/maven2/org/scala-sbt/util-relation_2.12/1.2.1/util-relation_2.12-1.2.1.pom
Downloading https://repo1.maven.org/maven2/io/circe/circe-numbers_2.12/0.9.3/circe-numbers_2.12-0.9.3.pom.sha1
Downloaded https://repo1.maven.org/maven2/org/scala-sbt/io_2.12/1.2.0/io_2.12-1.2.0.pom
Downloading https://repo1.maven.org/maven2/org/scala-sbt/util-relation_2.12/1.2.1/util-relation_2.12-1.2.1.pom.sha1
Downloaded https://repo1.maven.org/maven2/org/scala-sbt/io_2.12/1.2.0/io_2.12-1.2.0.pom.sha1
Downloading https://repo1.maven.org/maven2/org/scala-sbt/sbinary_2.12/0.4.4/sbinary_2.12-0.4.4.pom.sha1
Downloading https://repo1.maven.org/maven2/org/scala-sbt/util-position_2.12/1.0.0/util-position_2.12-1.0.0.pom
Downloaded https://repo1.maven.org/maven2/com/jcraft/jsch/0.1.46/jsch-0.1.46.pom.sha1
Downloading https://repo1.maven.org/maven2/org/scala-sbt/util-position_2.12/1.0.0/util-position_2.12-1.0.0.pom.sha1
Downloaded https://repo1.maven.org/maven2/io/circe/circe-numbers_2.12/0.9.3/circe-numbers_2.12-0.9.3.pom.sha1
Downloaded https://repo1.maven.org/maven2/org/scala-sbt/util-position_2.12/1.0.0/util-position_2.12-1.0.0.pom.sha1
Downloading https://repo1.maven.org/maven2/org/spire-math/jawn-parser_2.12/0.11.1/jawn-parser_2.12-0.11.1.pom.sha1
Downloaded https://repo1.maven.org/maven2/org/scala-sbt/util-relation_2.12/1.2.1/util-relation_2.12-1.2.1.pom.sha1
Downloading https://repo1.maven.org/maven2/org/scala-sbt/util-control_2.12/1.2.1/util-control_2.12-1.2.1.pom
Downloading https://repo1.maven.org/maven2/org/scala-sbt/util-control_2.12/1.2.1/util-control_2.12-1.2.1.pom.sha1
Downloaded https://repo1.maven.org/maven2/org/scala-sbt/sbinary_2.12/0.4.4/sbinary_2.12-0.4.4.pom.sha1
Downloading https://repo1.maven.org/maven2/com/thesamet/scalapb/scalapb-runtime_2.12/0.8.0-RC1/scalapb-runtime_2.12-0.8.0-RC1.pom
Downloaded https://repo1.maven.org/maven2/org/scala-sbt/util-position_2.12/1.0.0/util-position_2.12-1.0.0.pom
Downloading https://repo1.maven.org/maven2/com/thesamet/scalapb/scalapb-runtime_2.12/0.8.0-RC1/scalapb-runtime_2.12-0.8.0-RC1.pom.sha1
Downloaded https://repo1.maven.org/maven2/org/scala-sbt/util-relation_2.12/1.2.1/util-relation_2.12-1.2.1.pom
Downloaded https://repo1.maven.org/maven2/org/spire-math/jawn-parser_2.12/0.11.1/jawn-parser_2.12-0.11.1.pom.sha1
Downloaded https://repo1.maven.org/maven2/org/scala-sbt/util-control_2.12/1.2.1/util-control_2.12-1.2.1.pom.sha1
Downloaded https://repo1.maven.org/maven2/com/thesamet/scalapb/scalapb-runtime_2.12/0.8.0-RC1/scalapb-runtime_2.12-0.8.0-RC1.pom
Downloading https://repo1.maven.org/maven2/ch/epfl/scala/zinc-apiinfo_2.12/1.3.0-M4+22-4704d479/
Downloaded https://repo1.maven.org/maven2/com/thesamet/scalapb/scalapb-runtime_2.12/0.8.0-RC1/scalapb-runtime_2.12-0.8.0-RC1.pom.sha1
Downloading https://repo1.maven.org/maven2/org/scala-lang/modules/scala-xml_2.12/1.2.0/
Downloading https://repo1.maven.org/maven2/ch/epfl/scala/zinc-classpath_2.12/1.3.0-M4+22-4704d479/
Downloading https://repo1.maven.org/maven2/com/squareup/okhttp3/okhttp-urlconnection/3.7.0/
Downloading https://repo1.maven.org/maven2/org/scala-lang/scala-reflect/2.12.10/
Downloaded https://repo1.maven.org/maven2/org/scala-sbt/util-control_2.12/1.2.1/util-control_2.12-1.2.1.pom
Downloading https://repo1.maven.org/maven2/org/scala-lang/scala-compiler/2.12.10/
Downloaded https://repo1.maven.org/maven2/org/scala-lang/modules/scala-xml_2.12/1.2.0/
Downloading https://repo1.maven.org/maven2/com/chuusai/shapeless_2.12/2.3.3/
Downloaded https://repo1.maven.org/maven2/ch/epfl/scala/zinc-classpath_2.12/1.3.0-M4+22-4704d479/
Downloading https://repo1.maven.org/maven2/com/beachape/enumeratum-circe_2.12/1.5.17/
Downloaded https://repo1.maven.org/maven2/com/squareup/okhttp3/okhttp-urlconnection/3.7.0/
Downloading https://repo1.maven.org/maven2/org/scala-sbt/launcher-interface/1.0.0/
Downloaded https://repo1.maven.org/maven2/ch/epfl/scala/zinc-apiinfo_2.12/1.3.0-M4+22-4704d479/
Downloading https://repo1.maven.org/maven2/com/eed3si9n/gigahorse-okhttp_2.12/0.3.0/
Downloaded https://repo1.maven.org/maven2/org/scala-lang/scala-reflect/2.12.10/
Downloading https://repo1.maven.org/maven2/org/typelevel/cats-core_2.12/1.0.1/
Downloaded https://repo1.maven.org/maven2/org/scala-lang/scala-compiler/2.12.10/
Downloading https://repo1.maven.org/maven2/io/argonaut/argonaut_2.12/6.2.3/
Downloaded https://repo1.maven.org/maven2/com/chuusai/shapeless_2.12/2.3.3/
Downloading https://repo1.maven.org/maven2/org/scala-lang/modules/scala-parser-combinators_2.12/1.0.5/
Downloaded https://repo1.maven.org/maven2/com/beachape/enumeratum-circe_2.12/1.5.17/
Downloading https://repo1.maven.org/maven2/ch/epfl/scala/compiler-interface/1.3.0-M4+22-4704d479/
Downloaded https://repo1.maven.org/maven2/org/scala-sbt/launcher-interface/1.0.0/
Downloading https://repo1.maven.org/maven2/com/beachape/enumeratum_2.12/1.5.13/
Downloaded https://repo1.maven.org/maven2/com/eed3si9n/gigahorse-okhttp_2.12/0.3.0/
Downloading https://repo1.maven.org/maven2/org/scala-sbt/util-cache_2.12/1.0.0/
Downloaded https://repo1.maven.org/maven2/org/typelevel/cats-core_2.12/1.0.1/
Downloading https://repo1.maven.org/maven2/org/scalameta/jsonrpc_2.12/0.2.0/
Downloaded https://repo1.maven.org/maven2/io/argonaut/argonaut_2.12/6.2.3/
Downloading https://repo1.maven.org/maven2/org/scala-sbt/io_2.12/1.2.0/
Downloaded https://repo1.maven.org/maven2/org/scala-lang/modules/scala-parser-combinators_2.12/1.0.5/
Downloading https://repo1.maven.org/maven2/com/jcraft/jsch/0.1.46/
Downloaded https://repo1.maven.org/maven2/ch/epfl/scala/compiler-interface/1.3.0-M4+22-4704d479/
Downloading https://repo1.maven.org/maven2/io/circe/circe-numbers_2.12/0.9.3/
Downloaded https://repo1.maven.org/maven2/com/beachape/enumeratum_2.12/1.5.13/
Downloading https://repo1.maven.org/maven2/org/scala-sbt/sbinary_2.12/0.4.4/
Downloaded https://repo1.maven.org/maven2/org/scala-sbt/util-cache_2.12/1.0.0/
Downloading https://repo1.maven.org/maven2/org/scala-sbt/util-position_2.12/1.0.0/
Downloaded https://repo1.maven.org/maven2/org/scalameta/jsonrpc_2.12/0.2.0/
Downloading https://repo1.maven.org/maven2/org/scala-sbt/util-relation_2.12/1.2.1/
Downloaded https://repo1.maven.org/maven2/org/scala-sbt/io_2.12/1.2.0/
Downloading https://repo1.maven.org/maven2/org/scala-sbt/util-logging_2.12/1.2.1/
Downloaded https://repo1.maven.org/maven2/com/jcraft/jsch/0.1.46/
Downloading https://repo1.maven.org/maven2/org/spire-math/jawn-parser_2.12/0.11.1/
Downloaded https://repo1.maven.org/maven2/io/circe/circe-numbers_2.12/0.9.3/
Downloading https://repo1.maven.org/maven2/com/thesamet/scalapb/scalapb-runtime_2.12/0.8.0-RC1/
Downloaded https://repo1.maven.org/maven2/org/scala-sbt/sbinary_2.12/0.4.4/
Downloading https://repo1.maven.org/maven2/org/scala-sbt/util-control_2.12/1.2.1/
Downloaded https://repo1.maven.org/maven2/org/scala-sbt/util-position_2.12/1.0.0/
Downloaded https://repo1.maven.org/maven2/org/scala-sbt/util-relation_2.12/1.2.1/
Downloaded https://repo1.maven.org/maven2/org/scala-sbt/util-logging_2.12/1.2.1/
Downloaded https://repo1.maven.org/maven2/org/spire-math/jawn-parser_2.12/0.11.1/
Downloaded https://repo1.maven.org/maven2/com/thesamet/scalapb/scalapb-runtime_2.12/0.8.0-RC1/
Downloaded https://repo1.maven.org/maven2/org/scala-sbt/util-control_2.12/1.2.1/
Downloading https://repo1.maven.org/maven2/com/squareup/okhttp3/parent/3.7.0/parent-3.7.0.pom.sha1
Downloading https://repo1.maven.org/maven2/org/sonatype/oss/oss-parent/6/oss-parent-6.pom.sha1
Downloaded https://repo1.maven.org/maven2/com/squareup/okhttp3/parent/3.7.0/parent-3.7.0.pom.sha1
Downloading https://repo1.maven.org/maven2/com/squareup/okhttp3/parent/3.7.0/
Downloaded https://repo1.maven.org/maven2/org/sonatype/oss/oss-parent/6/oss-parent-6.pom.sha1
Downloading https://repo1.maven.org/maven2/org/sonatype/oss/oss-parent/6/
Downloaded https://repo1.maven.org/maven2/com/squareup/okhttp3/parent/3.7.0/
Downloaded https://repo1.maven.org/maven2/org/sonatype/oss/oss-parent/6/
Downloading https://repo1.maven.org/maven2/com/squareup/okhttp3/okhttp/3.7.0/okhttp-3.7.0.pom
Downloading https://repo1.maven.org/maven2/com/squareup/okhttp3/okhttp/3.7.0/okhttp-3.7.0.pom.sha1
Downloading https://repo1.maven.org/maven2/com/beachape/enumeratum-macros_2.12/1.5.9/enumeratum-macros_2.12-1.5.9.pom
Downloading https://repo1.maven.org/maven2/com/beachape/enumeratum-macros_2.12/1.5.9/enumeratum-macros_2.12-1.5.9.pom.sha1
Downloading https://repo1.maven.org/maven2/com/swoval/apple-file-events/1.3.2/apple-file-events-1.3.2.pom
Downloading https://repo1.maven.org/maven2/com/swoval/apple-file-events/1.3.2/apple-file-events-1.3.2.pom.sha1
Downloaded https://repo1.maven.org/maven2/com/squareup/okhttp3/okhttp/3.7.0/okhttp-3.7.0.pom
Downloaded https://repo1.maven.org/maven2/com/squareup/okhttp3/okhttp/3.7.0/okhttp-3.7.0.pom.sha1
Downloading https://repo1.maven.org/maven2/org/scala-sbt/util-interface/1.2.1/util-interface-1.2.1.pom
Downloaded https://repo1.maven.org/maven2/com/swoval/apple-file-events/1.3.2/apple-file-events-1.3.2.pom
Downloading https://repo1.maven.org/maven2/org/scala-sbt/util-interface/1.2.1/util-interface-1.2.1.pom.sha1
Downloading https://repo1.maven.org/maven2/com/lihaoyi/fastparse_2.12/1.0.0/fastparse_2.12-1.0.0.pom
Downloaded https://repo1.maven.org/maven2/com/beachape/enumeratum-macros_2.12/1.5.9/enumeratum-macros_2.12-1.5.9.pom.sha1
Downloading https://repo1.maven.org/maven2/com/lihaoyi/fastparse_2.12/1.0.0/fastparse_2.12-1.0.0.pom.sha1
Downloaded https://repo1.maven.org/maven2/com/beachape/enumeratum-macros_2.12/1.5.9/enumeratum-macros_2.12-1.5.9.pom
Downloading https://repo1.maven.org/maven2/com/lmax/disruptor/3.3.6/disruptor-3.3.6.pom
Downloaded https://repo1.maven.org/maven2/org/scala-sbt/util-interface/1.2.1/util-interface-1.2.1.pom
Downloading https://repo1.maven.org/maven2/com/lmax/disruptor/3.3.6/disruptor-3.3.6.pom.sha1
Downloaded https://repo1.maven.org/maven2/org/scala-sbt/util-interface/1.2.1/util-interface-1.2.1.pom.sha1
Downloading https://repo1.maven.org/maven2/com/thesamet/scalapb/lenses_2.12/0.8.0-RC1/lenses_2.12-0.8.0-RC1.pom
Downloaded https://repo1.maven.org/maven2/com/lihaoyi/fastparse_2.12/1.0.0/fastparse_2.12-1.0.0.pom
Downloaded https://repo1.maven.org/maven2/com/lihaoyi/fastparse_2.12/1.0.0/fastparse_2.12-1.0.0.pom.sha1
Downloading https://repo1.maven.org/maven2/com/thesamet/scalapb/lenses_2.12/0.8.0-RC1/lenses_2.12-0.8.0-RC1.pom.sha1
Downloading https://repo1.maven.org/maven2/com/eed3si9n/gigahorse-core_2.12/0.3.0/gigahorse-core_2.12-0.3.0.pom
Downloaded https://repo1.maven.org/maven2/com/lmax/disruptor/3.3.6/disruptor-3.3.6.pom
Downloading https://repo1.maven.org/maven2/com/eed3si9n/gigahorse-core_2.12/0.3.0/gigahorse-core_2.12-0.3.0.pom.sha1
Downloaded https://repo1.maven.org/maven2/com/lmax/disruptor/3.3.6/disruptor-3.3.6.pom.sha1
Downloading https://repo1.maven.org/maven2/com/eed3si9n/sjson-new-scalajson_2.12/0.8.2/sjson-new-scalajson_2.12-0.8.2.pom
Downloaded https://repo1.maven.org/maven2/com/thesamet/scalapb/lenses_2.12/0.8.0-RC1/lenses_2.12-0.8.0-RC1.pom
Downloaded https://repo1.maven.org/maven2/com/thesamet/scalapb/lenses_2.12/0.8.0-RC1/lenses_2.12-0.8.0-RC1.pom.sha1
Downloading https://repo1.maven.org/maven2/com/eed3si9n/sjson-new-scalajson_2.12/0.8.2/sjson-new-scalajson_2.12-0.8.2.pom.sha1
Downloading https://repo1.maven.org/maven2/org/apache/logging/log4j/log4j-core/2.8.1/log4j-core-2.8.1.pom
Downloaded https://repo1.maven.org/maven2/com/eed3si9n/gigahorse-core_2.12/0.3.0/gigahorse-core_2.12-0.3.0.pom
Downloading https://repo1.maven.org/maven2/org/apache/logging/log4j/log4j-core/2.8.1/log4j-core-2.8.1.pom.sha1
Downloaded https://repo1.maven.org/maven2/com/eed3si9n/gigahorse-core_2.12/0.3.0/gigahorse-core_2.12-0.3.0.pom.sha1
Downloading https://repo1.maven.org/maven2/jline/jline/2.14.4/jline-2.14.4.pom
Downloaded https://repo1.maven.org/maven2/com/eed3si9n/sjson-new-scalajson_2.12/0.8.2/sjson-new-scalajson_2.12-0.8.2.pom
Downloading https://repo1.maven.org/maven2/jline/jline/2.14.4/jline-2.14.4.pom.sha1
Downloaded https://repo1.maven.org/maven2/com/eed3si9n/sjson-new-scalajson_2.12/0.8.2/sjson-new-scalajson_2.12-0.8.2.pom.sha1
Downloading https://repo1.maven.org/maven2/org/typelevel/cats-kernel_2.12/1.0.1/cats-kernel_2.12-1.0.1.pom.sha1
Downloaded https://repo1.maven.org/maven2/org/apache/logging/log4j/log4j-core/2.8.1/log4j-core-2.8.1.pom
Downloading https://repo1.maven.org/maven2/org/typelevel/cats-macros_2.12/1.0.1/cats-macros_2.12-1.0.1.pom.sha1
Downloaded https://repo1.maven.org/maven2/org/apache/logging/log4j/log4j-core/2.8.1/log4j-core-2.8.1.pom.sha1
Downloading https://repo1.maven.org/maven2/com/eed3si9n/sjson-new-core_2.12/0.8.2/sjson-new-core_2.12-0.8.2.pom
Downloaded https://repo1.maven.org/maven2/jline/jline/2.14.4/jline-2.14.4.pom.sha1
Downloading https://repo1.maven.org/maven2/com/eed3si9n/sjson-new-core_2.12/0.8.2/sjson-new-core_2.12-0.8.2.pom.sha1
Downloaded https://repo1.maven.org/maven2/org/typelevel/cats-macros_2.12/1.0.1/cats-macros_2.12-1.0.1.pom.sha1
Downloading https://repo1.maven.org/maven2/com/eed3si9n/sjson-new-murmurhash_2.12/0.8.0/sjson-new-murmurhash_2.12-0.8.0.pom
Downloaded https://repo1.maven.org/maven2/jline/jline/2.14.4/jline-2.14.4.pom
Downloading https://repo1.maven.org/maven2/com/eed3si9n/sjson-new-murmurhash_2.12/0.8.0/sjson-new-murmurhash_2.12-0.8.0.pom.sha1
Downloaded https://repo1.maven.org/maven2/com/eed3si9n/sjson-new-core_2.12/0.8.2/sjson-new-core_2.12-0.8.2.pom
Downloading https://repo1.maven.org/maven2/org/typelevel/machinist_2.12/0.6.2/machinist_2.12-0.6.2.pom.sha1
Downloaded https://repo1.maven.org/maven2/org/typelevel/cats-kernel_2.12/1.0.1/cats-kernel_2.12-1.0.1.pom.sha1
Downloading https://repo1.maven.org/maven2/com/outr/scribe_2.12/2.5.0/scribe_2.12-2.5.0.pom
Downloaded https://repo1.maven.org/maven2/com/swoval/apple-file-events/1.3.2/apple-file-events-1.3.2.pom.sha1
Downloading https://repo1.maven.org/maven2/com/outr/scribe_2.12/2.5.0/scribe_2.12-2.5.0.pom.sha1
Downloaded https://repo1.maven.org/maven2/com/eed3si9n/sjson-new-core_2.12/0.8.2/sjson-new-core_2.12-0.8.2.pom.sha1
Downloading https://repo1.maven.org/maven2/ch/epfl/scala/compiler-bridge_2.12/1.3.0-M4+22-4704d479/compiler-bridge_2.12-1.3.0-M4+22-4704d479.pom
Downloaded https://repo1.maven.org/maven2/com/outr/scribe_2.12/2.5.0/scribe_2.12-2.5.0.pom.sha1
Downloading https://repo1.maven.org/maven2/ch/epfl/scala/compiler-bridge_2.12/1.3.0-M4+22-4704d479/compiler-bridge_2.12-1.3.0-M4+22-4704d479.pom.sha1
Downloaded https://repo1.maven.org/maven2/com/outr/scribe_2.12/2.5.0/scribe_2.12-2.5.0.pom
Downloading https://repo1.maven.org/maven2/org/typelevel/cats-core_2.12/1.1.0/cats-core_2.12-1.1.0.pom
Downloaded https://repo1.maven.org/maven2/com/eed3si9n/sjson-new-murmurhash_2.12/0.8.0/sjson-new-murmurhash_2.12-0.8.0.pom
Downloading https://repo1.maven.org/maven2/org/typelevel/cats-core_2.12/1.1.0/cats-core_2.12-1.1.0.pom.sha1
Downloaded https://repo1.maven.org/maven2/org/typelevel/machinist_2.12/0.6.2/machinist_2.12-0.6.2.pom.sha1
Downloading https://repo1.maven.org/maven2/org/apache/logging/log4j/log4j-api/2.8.1/log4j-api-2.8.1.pom
Downloaded https://repo1.maven.org/maven2/com/eed3si9n/sjson-new-murmurhash_2.12/0.8.0/sjson-new-murmurhash_2.12-0.8.0.pom.sha1
Downloading https://repo1.maven.org/maven2/org/apache/logging/log4j/log4j-api/2.8.1/log4j-api-2.8.1.pom.sha1
Downloaded https://repo1.maven.org/maven2/org/typelevel/cats-core_2.12/1.1.0/cats-core_2.12-1.1.0.pom
Downloading https://repo1.maven.org/maven2/com/squareup/okhttp3/okhttp/3.7.0/
Downloaded https://repo1.maven.org/maven2/org/apache/logging/log4j/log4j-api/2.8.1/log4j-api-2.8.1.pom
Downloading https://repo1.maven.org/maven2/com/beachape/enumeratum-macros_2.12/1.5.9/
Downloaded https://repo1.maven.org/maven2/ch/epfl/scala/compiler-bridge_2.12/1.3.0-M4+22-4704d479/compiler-bridge_2.12-1.3.0-M4+22-4704d479.pom.sha1
Downloading https://repo1.maven.org/maven2/org/scala-sbt/util-interface/1.2.1/
Downloaded https://repo1.maven.org/maven2/org/apache/logging/log4j/log4j-api/2.8.1/log4j-api-2.8.1.pom.sha1
Downloaded https://repo1.maven.org/maven2/org/typelevel/cats-core_2.12/1.1.0/cats-core_2.12-1.1.0.pom.sha1
Downloading https://repo1.maven.org/maven2/com/lihaoyi/fastparse_2.12/1.0.0/
Downloading https://repo1.maven.org/maven2/org/typelevel/cats-macros_2.12/1.0.1/
Downloaded https://repo1.maven.org/maven2/ch/epfl/scala/compiler-bridge_2.12/1.3.0-M4+22-4704d479/compiler-bridge_2.12-1.3.0-M4+22-4704d479.pom
Downloading https://repo1.maven.org/maven2/com/lmax/disruptor/3.3.6/
Downloaded https://repo1.maven.org/maven2/com/squareup/okhttp3/okhttp/3.7.0/
Downloading https://repo1.maven.org/maven2/org/typelevel/cats-kernel_2.12/1.0.1/
Downloaded https://repo1.maven.org/maven2/com/beachape/enumeratum-macros_2.12/1.5.9/
Downloading https://repo1.maven.org/maven2/com/swoval/apple-file-events/1.3.2/
Downloaded https://repo1.maven.org/maven2/org/scala-sbt/util-interface/1.2.1/
Downloading https://repo1.maven.org/maven2/com/thesamet/scalapb/lenses_2.12/0.8.0-RC1/
Downloaded https://repo1.maven.org/maven2/com/lihaoyi/fastparse_2.12/1.0.0/
Downloading https://repo1.maven.org/maven2/com/eed3si9n/gigahorse-core_2.12/0.3.0/
Downloaded https://repo1.maven.org/maven2/org/typelevel/cats-macros_2.12/1.0.1/
Downloading https://repo1.maven.org/maven2/com/eed3si9n/sjson-new-scalajson_2.12/0.8.2/
Downloaded https://repo1.maven.org/maven2/com/lmax/disruptor/3.3.6/
Downloading https://repo1.maven.org/maven2/org/typelevel/machinist_2.12/0.6.2/
Downloaded https://repo1.maven.org/maven2/org/typelevel/cats-kernel_2.12/1.0.1/
Downloading https://repo1.maven.org/maven2/org/apache/logging/log4j/log4j-core/2.8.1/
Downloaded https://repo1.maven.org/maven2/com/swoval/apple-file-events/1.3.2/
Downloading https://repo1.maven.org/maven2/jline/jline/2.14.4/
Downloaded https://repo1.maven.org/maven2/com/eed3si9n/gigahorse-core_2.12/0.3.0/
Downloading https://repo1.maven.org/maven2/com/eed3si9n/sjson-new-core_2.12/0.8.2/
Downloaded https://repo1.maven.org/maven2/com/thesamet/scalapb/lenses_2.12/0.8.0-RC1/
Downloading https://repo1.maven.org/maven2/com/outr/scribe_2.12/2.5.0/
Downloaded https://repo1.maven.org/maven2/com/eed3si9n/sjson-new-scalajson_2.12/0.8.2/
Downloading https://repo1.maven.org/maven2/com/eed3si9n/sjson-new-murmurhash_2.12/0.8.0/
Downloaded https://repo1.maven.org/maven2/org/typelevel/machinist_2.12/0.6.2/
Downloaded https://repo1.maven.org/maven2/org/apache/logging/log4j/log4j-core/2.8.1/
Downloaded https://repo1.maven.org/maven2/jline/jline/2.14.4/
Downloaded https://repo1.maven.org/maven2/com/eed3si9n/sjson-new-core_2.12/0.8.2/
Downloaded https://repo1.maven.org/maven2/com/outr/scribe_2.12/2.5.0/
Downloaded https://repo1.maven.org/maven2/com/eed3si9n/sjson-new-murmurhash_2.12/0.8.0/
Downloading https://repo1.maven.org/maven2/org/apache/logging/log4j/log4j-api/2.8.1/
Downloading https://repo1.maven.org/maven2/org/typelevel/cats-core_2.12/1.1.0/
Downloading https://repo1.maven.org/maven2/ch/epfl/scala/compiler-bridge_2.12/1.3.0-M4+22-4704d479/
Downloaded https://repo1.maven.org/maven2/org/apache/logging/log4j/log4j-api/2.8.1/
Downloaded https://repo1.maven.org/maven2/org/typelevel/cats-core_2.12/1.1.0/
Downloaded https://repo1.maven.org/maven2/ch/epfl/scala/compiler-bridge_2.12/1.3.0-M4+22-4704d479/
Downloading https://repo1.maven.org/maven2/org/apache/logging/log4j/log4j/2.8.1/log4j-2.8.1.pom
Downloading https://repo1.maven.org/maven2/org/apache/logging/log4j/log4j/2.8.1/log4j-2.8.1.pom.sha1
Downloading https://repo1.maven.org/maven2/org/sonatype/oss/oss-parent/9/oss-parent-9.pom.sha1
Downloaded https://repo1.maven.org/maven2/org/sonatype/oss/oss-parent/9/oss-parent-9.pom.sha1
Downloaded https://repo1.maven.org/maven2/org/apache/logging/log4j/log4j/2.8.1/log4j-2.8.1.pom.sha1
Downloading https://repo1.maven.org/maven2/org/sonatype/oss/oss-parent/9/
Downloaded https://repo1.maven.org/maven2/org/apache/logging/log4j/log4j/2.8.1/log4j-2.8.1.pom
Downloading https://repo1.maven.org/maven2/org/apache/logging/log4j/log4j/2.8.1/
Downloaded https://repo1.maven.org/maven2/org/sonatype/oss/oss-parent/9/
Downloaded https://repo1.maven.org/maven2/org/apache/logging/log4j/log4j/2.8.1/
Downloading https://repo1.maven.org/maven2/org/apache/logging/logging-parent/1/logging-parent-1.pom
Downloading https://repo1.maven.org/maven2/org/apache/logging/logging-parent/1/logging-parent-1.pom.sha1
Downloaded https://repo1.maven.org/maven2/org/apache/logging/logging-parent/1/logging-parent-1.pom
Downloaded https://repo1.maven.org/maven2/org/apache/logging/logging-parent/1/logging-parent-1.pom.sha1
Downloading https://repo1.maven.org/maven2/org/apache/logging/logging-parent/1/
Downloaded https://repo1.maven.org/maven2/org/apache/logging/logging-parent/1/
Downloading https://repo1.maven.org/maven2/org/apache/apache/18/apache-18.pom
Downloading https://repo1.maven.org/maven2/org/apache/apache/18/apache-18.pom.sha1
Downloaded https://repo1.maven.org/maven2/org/apache/apache/18/apache-18.pom.sha1
Downloaded https://repo1.maven.org/maven2/org/apache/apache/18/apache-18.pom
Downloading https://repo1.maven.org/maven2/org/apache/apache/18/
Downloaded https://repo1.maven.org/maven2/org/apache/apache/18/
Downloading https://repo1.maven.org/maven2/com/typesafe/ssl-config-core_2.12/0.2.2/ssl-config-core_2.12-0.2.2.pom
Downloading https://repo1.maven.org/maven2/com/typesafe/ssl-config-core_2.12/0.2.2/ssl-config-core_2.12-0.2.2.pom.sha1
Downloading https://repo1.maven.org/maven2/com/lihaoyi/fastparse-utils_2.12/1.0.0/fastparse-utils_2.12-1.0.0.pom
Downloading https://repo1.maven.org/maven2/com/lihaoyi/fastparse-utils_2.12/1.0.0/fastparse-utils_2.12-1.0.0.pom.sha1
Downloading https://repo1.maven.org/maven2/com/squareup/okio/okio/1.12.0/okio-1.12.0.pom
Downloading https://repo1.maven.org/maven2/com/squareup/okio/okio/1.12.0/okio-1.12.0.pom.sha1
Downloaded https://repo1.maven.org/maven2/com/typesafe/ssl-config-core_2.12/0.2.2/ssl-config-core_2.12-0.2.2.pom
Downloaded https://repo1.maven.org/maven2/com/typesafe/ssl-config-core_2.12/0.2.2/ssl-config-core_2.12-0.2.2.pom.sha1
Downloading https://repo1.maven.org/maven2/org/typelevel/cats-macros_2.12/1.1.0/cats-macros_2.12-1.1.0.pom
Downloading https://repo1.maven.org/maven2/org/typelevel/cats-macros_2.12/1.1.0/cats-macros_2.12-1.1.0.pom.sha1
Downloaded https://repo1.maven.org/maven2/com/lihaoyi/fastparse-utils_2.12/1.0.0/fastparse-utils_2.12-1.0.0.pom
Downloading https://repo1.maven.org/maven2/com/outr/perfolation_2.12/1.0.2/perfolation_2.12-1.0.2.pom
Downloaded https://repo1.maven.org/maven2/com/lihaoyi/fastparse-utils_2.12/1.0.0/fastparse-utils_2.12-1.0.0.pom.sha1
Downloading https://repo1.maven.org/maven2/com/outr/perfolation_2.12/1.0.2/perfolation_2.12-1.0.2.pom.sha1
Downloaded https://repo1.maven.org/maven2/com/squareup/okio/okio/1.12.0/okio-1.12.0.pom
Downloading https://repo1.maven.org/maven2/com/eed3si9n/shaded-scalajson_2.12/1.0.0-M4/shaded-scalajson_2.12-1.0.0-M4.pom.sha1
Downloaded https://repo1.maven.org/maven2/org/typelevel/cats-macros_2.12/1.1.0/cats-macros_2.12-1.1.0.pom
Downloaded https://repo1.maven.org/maven2/org/typelevel/cats-macros_2.12/1.1.0/cats-macros_2.12-1.1.0.pom.sha1
Downloading https://repo1.maven.org/maven2/com/outr/scribe-macros_2.12/2.5.0/scribe-macros_2.12-2.5.0.pom
Downloaded https://repo1.maven.org/maven2/com/outr/perfolation_2.12/1.0.2/perfolation_2.12-1.0.2.pom.sha1
Downloading https://repo1.maven.org/maven2/com/outr/scribe-macros_2.12/2.5.0/scribe-macros_2.12-2.5.0.pom.sha1
Downloaded https://repo1.maven.org/maven2/com/outr/perfolation_2.12/1.0.2/perfolation_2.12-1.0.2.pom
Downloading https://repo1.maven.org/maven2/org/typelevel/cats-kernel_2.12/1.1.0/cats-kernel_2.12-1.1.0.pom
Downloading https://repo1.maven.org/maven2/org/typelevel/cats-kernel_2.12/1.1.0/cats-kernel_2.12-1.1.0.pom.sha1
Downloaded https://repo1.maven.org/maven2/com/eed3si9n/shaded-scalajson_2.12/1.0.0-M4/shaded-scalajson_2.12-1.0.0-M4.pom.sha1
Downloading https://repo1.maven.org/maven2/com/typesafe/ssl-config-core_2.12/0.2.2/
Downloaded https://repo1.maven.org/maven2/com/outr/scribe-macros_2.12/2.5.0/scribe-macros_2.12-2.5.0.pom
Downloaded https://repo1.maven.org/maven2/com/outr/scribe-macros_2.12/2.5.0/scribe-macros_2.12-2.5.0.pom.sha1
Downloading https://repo1.maven.org/maven2/com/lihaoyi/fastparse-utils_2.12/1.0.0/
Downloading https://repo1.maven.org/maven2/org/typelevel/cats-macros_2.12/1.1.0/
Downloaded https://repo1.maven.org/maven2/org/typelevel/cats-kernel_2.12/1.1.0/cats-kernel_2.12-1.1.0.pom
Downloaded https://repo1.maven.org/maven2/org/typelevel/cats-kernel_2.12/1.1.0/cats-kernel_2.12-1.1.0.pom.sha1
Downloading https://repo1.maven.org/maven2/com/outr/perfolation_2.12/1.0.2/
Downloading https://repo1.maven.org/maven2/com/eed3si9n/shaded-scalajson_2.12/1.0.0-M4/
Downloaded https://repo1.maven.org/maven2/com/typesafe/ssl-config-core_2.12/0.2.2/
Downloading https://repo1.maven.org/maven2/com/outr/scribe-macros_2.12/2.5.0/
Downloaded https://repo1.maven.org/maven2/com/lihaoyi/fastparse-utils_2.12/1.0.0/
Downloading https://repo1.maven.org/maven2/org/typelevel/cats-kernel_2.12/1.1.0/
Downloaded https://repo1.maven.org/maven2/org/typelevel/cats-macros_2.12/1.1.0/
Downloaded https://repo1.maven.org/maven2/com/outr/perfolation_2.12/1.0.2/
Downloaded https://repo1.maven.org/maven2/com/eed3si9n/shaded-scalajson_2.12/1.0.0-M4/
Downloaded https://repo1.maven.org/maven2/com/outr/scribe-macros_2.12/2.5.0/
Downloaded https://repo1.maven.org/maven2/org/typelevel/cats-kernel_2.12/1.1.0/
Downloaded https://repo1.maven.org/maven2/com/squareup/okio/okio/1.12.0/okio-1.12.0.pom.sha1
Downloading https://repo1.maven.org/maven2/com/squareup/okio/okio/1.12.0/
Downloaded https://repo1.maven.org/maven2/com/squareup/okio/okio/1.12.0/
Downloading https://repo1.maven.org/maven2/com/squareup/okio/okio-parent/1.12.0/okio-parent-1.12.0.pom
Downloading https://repo1.maven.org/maven2/com/squareup/okio/okio-parent/1.12.0/okio-parent-1.12.0.pom.sha1
Downloaded https://repo1.maven.org/maven2/com/squareup/okio/okio-parent/1.12.0/okio-parent-1.12.0.pom.sha1
Downloaded https://repo1.maven.org/maven2/com/squareup/okio/okio-parent/1.12.0/okio-parent-1.12.0.pom
Downloading https://repo1.maven.org/maven2/com/squareup/okio/okio-parent/1.12.0/
Downloaded https://repo1.maven.org/maven2/com/squareup/okio/okio-parent/1.12.0/
Downloading https://repo1.maven.org/maven2/com/outr/perfolation-macros_2.12/1.0.2/perfolation-macros_2.12-1.0.2.pom
Downloading https://repo1.maven.org/maven2/com/outr/perfolation-macros_2.12/1.0.2/perfolation-macros_2.12-1.0.2.pom.sha1
Downloading https://repo1.maven.org/maven2/com/typesafe/config/1.2.0/config-1.2.0.pom
Downloading https://repo1.maven.org/maven2/com/typesafe/config/1.2.0/config-1.2.0.pom.sha1
Downloaded https://repo1.maven.org/maven2/com/outr/perfolation-macros_2.12/1.0.2/perfolation-macros_2.12-1.0.2.pom
Downloaded https://repo1.maven.org/maven2/com/outr/perfolation-macros_2.12/1.0.2/perfolation-macros_2.12-1.0.2.pom.sha1
Downloaded https://repo1.maven.org/maven2/com/typesafe/config/1.2.0/config-1.2.0.pom
Downloading https://repo1.maven.org/maven2/com/outr/perfolation-macros_2.12/1.0.2/
Downloaded https://repo1.maven.org/maven2/com/typesafe/config/1.2.0/config-1.2.0.pom.sha1
Downloading https://repo1.maven.org/maven2/com/typesafe/config/1.2.0/
Downloaded https://repo1.maven.org/maven2/com/outr/perfolation-macros_2.12/1.0.2/
Downloaded https://repo1.maven.org/maven2/com/typesafe/config/1.2.0/
The server is listening for incoming connections at local:///tmp/bsp6040803329844069661/17f8zfl9d52qd.socket...
Accepted incoming BSP client connection at local:///tmp/bsp6040803329844069661/17f8zfl9d52qd.socket
INFO  tracing is disabled for protocol BSP, to enable tracing of incoming and outgoing JSON messages create an empty file at /home/mahamed/.cache/metals/bsp.trace.json
request received: build/initialize
BSP initialization handshake complete.
INFO  time: connected to build server in 1m58s
INFO  time: imported build in 0.26s
WARN  Could not find java sources in None. Java symbols will not be available.
INFO  time: indexed workspace in 4.58s
Downloading https://repo1.maven.org/maven2/org/scalameta/mtags_2.12.8/0.7.6/mtags_2.12.8-0.7.6.pom
Downloading https://repo1.maven.org/maven2/org/scalameta/mtags_2.12.8/0.7.6/mtags_2.12.8-0.7.6.pom.sha1
Downloaded https://repo1.maven.org/maven2/org/scalameta/mtags_2.12.8/0.7.6/mtags_2.12.8-0.7.6.pom
Downloaded https://repo1.maven.org/maven2/org/scalameta/mtags_2.12.8/0.7.6/mtags_2.12.8-0.7.6.pom.sha1
Downloading https://repo1.maven.org/maven2/org/scalameta/mtags_2.12.8/0.7.6/
Downloaded https://repo1.maven.org/maven2/org/scalameta/mtags_2.12.8/0.7.6/
INFO  compiling scala-practise (4 scala sources)
INFO  Non-compiled module 'compiler-bridge_2.12' for Scala 2.12.8. Compiling...
INFO    Compilation completed in 28.657s.
INFO  time: compiled scala-practise in 36s
ERROR Failed to compile 'scala-practise','scala-practise-test'
INFO  shutting down Metals
shutdown request received: build/shutdown
[0m[31m[E][0m BSP server cancelled, closing socket...
Client in /home/mahamed/workspace/other/sca/scala-practise/.bloop triggered cancellation. Cancelling tasks...
INFO  bloop exit: 0
INFO  time: initialize in 0.9s
INFO  running embedded 'bloop bsp --protocol local --socket /tmp/bsp4843994594264104789/-nauftom16kou.socket'
INFO  skipping build import with status 'Installed'
WARN  no build target: /home/mahamed/workspace/other/sca/scala-practise/src/main/scala/people/Person.scala
The server is listening for incoming connections at local:///tmp/bsp4843994594264104789/-nauftom16kou.socket...
INFO  tracing is disabled for protocol BSP, to enable tracing of incoming and outgoing JSON messages create an empty file at /home/mahamed/.cache/metals/bsp.trace.json
Accepted incoming BSP client connection at local:///tmp/bsp4843994594264104789/-nauftom16kou.socket
request received: build/initialize
BSP initialization handshake complete.
INFO  time: connected to build server in 11s
INFO  time: imported build in 0.33s
WARN  Could not find java sources in None. Java symbols will not be available.
INFO  time: indexed workspace in 1.37s
INFO  compiling scala-practise (4 scala sources)
INFO  time: compiled scala-practise in 6.46s
ERROR Failed to compile 'scala-practise','scala-practise-test'
INFO  compiling scala-practise (4 scala sources)
INFO  time: compiled scala-practise in 0.79s
ERROR Failed to compile 'scala-practise'
Oct 20, 2019 9:49:14 AM scala.meta.internal.pc.CompilerAccess handleError
SEVERE: null
java.lang.NullPointerException
	at scala.meta.internal.pc.HoverProvider.seenFromType(HoverProvider.scala:106)
	at scala.meta.internal.pc.HoverProvider.hover(HoverProvider.scala:42)

INFO  compiling scala-practise (4 scala sources)
INFO  time: compiled scala-practise in 0.38s
ERROR Failed to compile 'scala-practise'
INFO  compiling scala-practise (4 scala sources)
INFO  time: compiled scala-practise in 0.3s
ERROR Failed to compile 'scala-practise'
Oct 20, 2019 9:50:16 AM org.eclipse.lsp4j.jsonrpc.RemoteEndpoint handleCancellation
WARNING: Unmatched cancel notification for request id 72
INFO  compiling scala-practise (4 scala sources)
INFO  time: compiled scala-practise in 0.27s
ERROR Failed to compile 'scala-practise'
INFO  compiling scala-practise (4 scala sources)
INFO  time: compiled scala-practise in 0.26s
ERROR Failed to compile 'scala-practise'
Oct 20, 2019 9:51:22 AM org.eclipse.lsp4j.jsonrpc.RemoteEndpoint handleCancellation
WARNING: Unmatched cancel notification for request id 99
Oct 20, 2019 9:51:22 AM org.eclipse.lsp4j.jsonrpc.RemoteEndpoint handleCancellation
WARNING: Unmatched cancel notification for request id 102
INFO  compiling scala-practise (4 scala sources)
INFO  time: compiled scala-practise in 0.24s
ERROR Failed to compile 'scala-practise'
INFO  compiling scala-practise (4 scala sources)
INFO  time: compiled scala-practise in 0.26s
ERROR Failed to compile 'scala-practise'
INFO  compiling scala-practise (4 scala sources)
INFO  time: compiled scala-practise in 0.22s
ERROR Failed to compile 'scala-practise'
INFO  compiling scala-practise (4 scala sources)
INFO  time: compiled scala-practise in 0.57s
ERROR Failed to compile 'scala-practise'
INFO  compiling scala-practise (4 scala sources)
INFO  time: compiled scala-practise in 0.35s
ERROR Failed to compile 'scala-practise'
INFO  compiling scala-practise (4 scala sources)
INFO  time: compiled scala-practise in 0.18s
ERROR Failed to compile 'scala-practise'
something's wrong: no file:///home/mahamed/workspace/other/sca/scala-practise/src/main/scala/Main.scala in cats.effect.IO[Unit]RangePosition(file:///home/mahamed/workspace/other/sca/scala-practise/src/main/scala/Main.scala, 501, 501, 509)
INFO  compiling scala-practise (4 scala sources)
INFO  time: compiled scala-practise in 0.31s
ERROR Failed to compile 'scala-practise'
INFO  compiling scala-practise (4 scala sources)
INFO  time: compiled scala-practise in 0.14s
ERROR Failed to compile 'scala-practise'
Oct 20, 2019 9:55:38 AM scala.meta.internal.pc.CompilerAccess handleError
SEVERE: null
java.lang.NullPointerException
	at scala.meta.internal.pc.HoverProvider.seenFromType(HoverProvider.scala:106)
	at scala.meta.internal.pc.HoverProvider.hover(HoverProvider.scala:42)

INFO  compiling scala-practise (4 scala sources)
INFO  time: compiled scala-practise in 0.28s
ERROR Failed to compile 'scala-practise'
INFO  compiling scala-practise (4 scala sources)
INFO  time: compiled scala-practise in 0.17s
ERROR Failed to compile 'scala-practise'
Oct 20, 2019 9:55:55 AM scala.meta.internal.pc.CompilerAccess handleError
SEVERE: null
java.lang.NullPointerException
	at scala.meta.internal.pc.HoverProvider.seenFromType(HoverProvider.scala:106)
	at scala.meta.internal.pc.HoverProvider.hover(HoverProvider.scala:42)

INFO  compiling scala-practise (4 scala sources)
INFO  time: compiled scala-practise in 0.39s
ERROR Failed to compile 'scala-practise'
INFO  compiling scala-practise (4 scala sources)
INFO  time: compiled scala-practise in 0.18s
ERROR Failed to compile 'scala-practise'
Oct 20, 2019 9:56:00 AM scala.meta.internal.pc.CompilerAccess handleError
SEVERE: null
java.lang.NullPointerException
	at scala.meta.internal.pc.HoverProvider.seenFromType(HoverProvider.scala:106)
	at scala.meta.internal.pc.HoverProvider.hover(HoverProvider.scala:42)

Oct 20, 2019 9:56:07 AM scala.meta.internal.pc.CompilerAccess handleError
SEVERE: null
java.lang.NullPointerException
	at scala.meta.internal.pc.HoverProvider.seenFromType(HoverProvider.scala:106)
	at scala.meta.internal.pc.HoverProvider.hover(HoverProvider.scala:42)

Oct 20, 2019 9:56:21 AM scala.meta.internal.pc.CompilerAccess handleError
SEVERE: null
java.lang.NullPointerException
	at scala.meta.internal.pc.HoverProvider.seenFromType(HoverProvider.scala:106)
	at scala.meta.internal.pc.HoverProvider.hover(HoverProvider.scala:42)

Oct 20, 2019 9:56:21 AM scala.meta.internal.pc.CompilerAccess handleError
SEVERE: null
java.lang.NullPointerException
	at scala.meta.internal.pc.HoverProvider.seenFromType(HoverProvider.scala:106)
	at scala.meta.internal.pc.HoverProvider.hover(HoverProvider.scala:42)

Oct 20, 2019 9:56:25 AM scala.meta.internal.pc.CompilerAccess handleError
SEVERE: null
java.lang.NullPointerException
	at scala.meta.internal.pc.HoverProvider.seenFromType(HoverProvider.scala:106)
	at scala.meta.internal.pc.HoverProvider.hover(HoverProvider.scala:42)

Oct 20, 2019 9:56:25 AM scala.meta.internal.pc.CompilerAccess handleError
SEVERE: null
java.lang.NullPointerException
	at scala.meta.internal.pc.HoverProvider.seenFromType(HoverProvider.scala:106)
	at scala.meta.internal.pc.HoverProvider.hover(HoverProvider.scala:42)

Oct 20, 2019 9:56:26 AM scala.meta.internal.pc.CompilerAccess handleError
SEVERE: null
java.lang.NullPointerException
	at scala.meta.internal.pc.HoverProvider.seenFromType(HoverProvider.scala:106)
	at scala.meta.internal.pc.HoverProvider.hover(HoverProvider.scala:42)

INFO  compiling scala-practise (4 scala sources)
INFO  time: compiled scala-practise in 4.73s
ERROR Failed to compile 'scala-practise'
INFO  compiling scala-practise (4 scala sources)
INFO  time: compiled scala-practise in 2.56s
ERROR Failed to compile 'scala-practise'
Oct 20, 2019 9:56:50 AM scala.meta.internal.pc.CompilerAccess handleError
SEVERE: null
java.lang.NullPointerException
	at scala.meta.internal.pc.HoverProvider.seenFromType(HoverProvider.scala:106)
	at scala.meta.internal.pc.HoverProvider.hover(HoverProvider.scala:42)

Oct 20, 2019 9:56:51 AM scala.meta.internal.pc.CompilerAccess handleError
SEVERE: null
java.lang.NullPointerException
	at scala.meta.internal.pc.HoverProvider.seenFromType(HoverProvider.scala:106)
	at scala.meta.internal.pc.HoverProvider.hover(HoverProvider.scala:42)

INFO  compiling scala-practise (4 scala sources)
INFO  time: compiled scala-practise in 1.89s
ERROR Failed to compile 'scala-practise'
INFO  compiling scala-practise (4 scala sources)
INFO  time: compiled scala-practise in 1.37s
ERROR Failed to compile 'scala-practise'
INFO  compiling scala-practise (4 scala sources)
INFO  time: compiled scala-practise in 1.15s
ERROR Failed to compile 'scala-practise'
INFO  compiling scala-practise (4 scala sources)
INFO  time: compiled scala-practise in 1.24s
ERROR Failed to compile 'scala-practise'
INFO  compiling scala-practise (4 scala sources)
INFO  time: compiled scala-practise in 1.84s
ERROR Failed to compile 'scala-practise'
INFO  compiling scala-practise (4 scala sources)
INFO  time: compiled scala-practise in 1.1s
ERROR Failed to compile 'scala-practise'
INFO  compiling scala-practise (4 scala sources)
INFO  time: compiled scala-practise in 1.06s
ERROR Failed to compile 'scala-practise'
INFO  compiling scala-practise (4 scala sources)
INFO  time: compiled scala-practise in 0.89s
ERROR Failed to compile 'scala-practise'
INFO  compiling scala-practise (4 scala sources)
INFO  time: compiled scala-practise in 1.47s
ERROR Failed to compile 'scala-practise'
INFO  compiling scala-practise (4 scala sources)
INFO  time: compiled scala-practise in 0.83s
ERROR Failed to compile 'scala-practise'
INFO  /home/mahamed/workspace/other/sca/scala-practise/src/main/scala/Main.scala:23:26: stale scalac error: not enough arguments for method apply: (index: Int)Char in class StringOps.
Unspecified value parameter index.
      _ <- IO { println (p.name())}
                         ^^^^^^^^
INFO  /home/mahamed/workspace/other/sca/scala-practise/src/main/scala/Main.scala:23:26: stale scalac error: not enough arguments for method apply: (index: Int)Char in class StringOps.
Unspecified value parameter index.
      _ <- IO { println (p.name())}
                         ^^^^^^^^
INFO  compiling scala-practise (4 scala sources)
INFO  time: compiled scala-practise in 0.89s
ERROR Failed to compile 'scala-practise'
INFO  compiling scala-practise (4 scala sources)
INFO  time: compiled scala-practise in 1.15s
ERROR Failed to compile 'scala-practise'
Oct 20, 2019 10:00:51 AM scala.meta.internal.pc.CompilerAccess handleError
SEVERE: null
java.lang.NullPointerException
	at scala.meta.internal.pc.HoverProvider.seenFromType(HoverProvider.scala:106)
	at scala.meta.internal.pc.HoverProvider.hover(HoverProvider.scala:42)

Oct 20, 2019 10:00:52 AM scala.meta.internal.pc.CompilerAccess handleError
SEVERE: null
java.lang.NullPointerException
	at scala.meta.internal.pc.HoverProvider.seenFromType(HoverProvider.scala:106)
	at scala.meta.internal.pc.HoverProvider.hover(HoverProvider.scala:42)

INFO  /home/mahamed/workspace/other/sca/scala-practise/src/main/scala/people/Person.scala:9:30: stale scalac error: type mismatch;
 found   : Array[String]
 required: String
        val parts : String = name.split(" ")
                             ^^^^^^^^^^^^^^^
INFO  /home/mahamed/workspace/other/sca/scala-practise/src/main/scala/people/Person.scala:9:30: stale scalac error: type mismatch;
 found   : Array[String]
 required: String
        val parts : String = name.split(" ")
                             ^^^^^^^^^^^^^^^
INFO  compiling scala-practise (4 scala sources)
INFO  time: compiled scala-practise in 1.05s
ERROR Failed to compile 'scala-practise'
INFO  compiling scala-practise (4 scala sources)
INFO  time: compiled scala-practise in 1.86s
ERROR Failed to compile 'scala-practise'
ERROR code navigation does not work for the file '/home/mahamed/workspace/other/sca/scala-practise/src/main/scala/Main.scala' because the SemanticDB file '/home/mahamed/workspace/other/sca/scala-practise/.bloop/scala-practise/scala-2.12/bloop-bsp-clients-classes/classes-Metals-XPTuawusRt-BDMXiqUn6fw==/META-INF/semanticdb/src/main/scala/Main.scala.semanticdb' doesn't exist. There can be many reasons for this error. 
ERROR code navigation does not work for the file '/home/mahamed/workspace/other/sca/scala-practise/src/main/scala/Main.scala' because the SemanticDB file '/home/mahamed/workspace/other/sca/scala-practise/.bloop/scala-practise/scala-2.12/bloop-bsp-clients-classes/classes-Metals-XPTuawusRt-BDMXiqUn6fw==/META-INF/semanticdb/src/main/scala/Main.scala.semanticdb' doesn't exist. There can be many reasons for this error. 
INFO  compiling scala-practise (4 scala sources)
INFO  time: compiled scala-practise in 1.23s
ERROR Failed to compile 'scala-practise'
INFO  compiling scala-practise (4 scala sources)
INFO  time: compiled scala-practise in 1.33s
ERROR Failed to compile 'scala-practise'
Oct 20, 2019 10:05:39 AM scala.meta.internal.pc.Completions completionPosition
SEVERE: null
java.lang.NullPointerException
	at scala.meta.internal.pc.Completions$CompletionPosition$Override.<init>(Completions.scala:1034)
	at scala.meta.internal.pc.Completions.completionPositionUnsafe(Completions.scala:472)
	at scala.meta.internal.pc.Completions.completionPositionUnsafe$(Completions.scala:393)
	at scala.meta.internal.pc.MetalsGlobal.completionPositionUnsafe(MetalsGlobal.scala:23)
	at scala.meta.internal.pc.Completions.completionPosition(Completions.scala:385)
	at scala.meta.internal.pc.Completions.completionPosition$(Completions.scala:370)
	at scala.meta.internal.pc.MetalsGlobal.completionPosition(MetalsGlobal.scala:23)
	at scala.meta.internal.pc.CompletionProvider.safeCompletionsAt(CompletionProvider.scala:403)
	at scala.meta.internal.pc.CompletionProvider.completions(CompletionProvider.scala:47)
	at scala.meta.internal.pc.ScalaPresentationCompiler.$anonfun$complete$1(ScalaPresentationCompiler.scala:87)
	at scala.meta.internal.pc.CompilerAccess.withSharedCompiler(CompilerAccess.scala:120)
	at scala.meta.internal.pc.CompilerAccess.$anonfun$withInterruptableCompiler$1(CompilerAccess.scala:77)
	at scala.meta.internal.pc.CompilerAccess.$anonfun$onCompilerJobQueue$1(CompilerAccess.scala:198)
	at scala.meta.internal.pc.CompilerJobQueue$Job.run(CompilerJobQueue.scala:73)
	at java.util.concurrent.ThreadPoolExecutor.runWorker(ThreadPoolExecutor.java:1149)
	at java.util.concurrent.ThreadPoolExecutor$Worker.run(ThreadPoolExecutor.java:624)
	at java.lang.Thread.run(Thread.java:748)

Oct 20, 2019 10:05:39 AM scala.meta.internal.pc.Completions completionPosition
SEVERE: null
java.lang.NullPointerException
	at scala.meta.internal.pc.Completions$CompletionPosition$Override.<init>(Completions.scala:1034)
	at scala.meta.internal.pc.Completions.completionPositionUnsafe(Completions.scala:472)
	at scala.meta.internal.pc.Completions.completionPositionUnsafe$(Completions.scala:393)
	at scala.meta.internal.pc.MetalsGlobal.completionPositionUnsafe(MetalsGlobal.scala:23)
	at scala.meta.internal.pc.Completions.completionPosition(Completions.scala:385)
	at scala.meta.internal.pc.Completions.completionPosition$(Completions.scala:370)
	at scala.meta.internal.pc.MetalsGlobal.completionPosition(MetalsGlobal.scala:23)
	at scala.meta.internal.pc.CompletionProvider.safeCompletionsAt(CompletionProvider.scala:403)
	at scala.meta.internal.pc.CompletionProvider.completions(CompletionProvider.scala:47)
	at scala.meta.internal.pc.ScalaPresentationCompiler.$anonfun$complete$1(ScalaPresentationCompiler.scala:87)
	at scala.meta.internal.pc.CompilerAccess.withSharedCompiler(CompilerAccess.scala:120)
	at scala.meta.internal.pc.CompilerAccess.$anonfun$withInterruptableCompiler$1(CompilerAccess.scala:77)
	at scala.meta.internal.pc.CompilerAccess.$anonfun$onCompilerJobQueue$1(CompilerAccess.scala:198)
	at scala.meta.internal.pc.CompilerJobQueue$Job.run(CompilerJobQueue.scala:73)
	at java.util.concurrent.ThreadPoolExecutor.runWorker(ThreadPoolExecutor.java:1149)
	at java.util.concurrent.ThreadPoolExecutor$Worker.run(ThreadPoolExecutor.java:624)
	at java.lang.Thread.run(Thread.java:748)

Oct 20, 2019 10:05:39 AM scala.meta.internal.pc.Completions completionPosition
SEVERE: null
java.lang.NullPointerException
	at scala.meta.internal.pc.Completions$CompletionPosition$Override.<init>(Completions.scala:1034)
	at scala.meta.internal.pc.Completions.completionPositionUnsafe(Completions.scala:472)
	at scala.meta.internal.pc.Completions.completionPositionUnsafe$(Completions.scala:393)
	at scala.meta.internal.pc.MetalsGlobal.completionPositionUnsafe(MetalsGlobal.scala:23)
	at scala.meta.internal.pc.Completions.completionPosition(Completions.scala:385)
	at scala.meta.internal.pc.Completions.completionPosition$(Completions.scala:370)
	at scala.meta.internal.pc.MetalsGlobal.completionPosition(MetalsGlobal.scala:23)
	at scala.meta.internal.pc.CompletionProvider.safeCompletionsAt(CompletionProvider.scala:403)
	at scala.meta.internal.pc.CompletionProvider.completions(CompletionProvider.scala:47)
	at scala.meta.internal.pc.ScalaPresentationCompiler.$anonfun$complete$1(ScalaPresentationCompiler.scala:87)
	at scala.meta.internal.pc.CompilerAccess.withSharedCompiler(CompilerAccess.scala:120)
	at scala.meta.internal.pc.CompilerAccess.$anonfun$withInterruptableCompiler$1(CompilerAccess.scala:77)
	at scala.meta.internal.pc.CompilerAccess.$anonfun$onCompilerJobQueue$1(CompilerAccess.scala:198)
	at scala.meta.internal.pc.CompilerJobQueue$Job.run(CompilerJobQueue.scala:73)
	at java.util.concurrent.ThreadPoolExecutor.runWorker(ThreadPoolExecutor.java:1149)
	at java.util.concurrent.ThreadPoolExecutor$Worker.run(ThreadPoolExecutor.java:624)
	at java.lang.Thread.run(Thread.java:748)

INFO  /home/mahamed/workspace/other/sca/scala-practise/src/main/scala/people/Person.scala:9:30: stale scalac error: type mismatch;
 found   : Array[String]
 required: String
        val parts : String = name.split(" ")
                             ^^^^^^^^^^^^^^^
INFO  /home/mahamed/workspace/other/sca/scala-practise/src/main/scala/people/Person.scala:10:20: stale scalac error: type mismatch;
 found   : Char
 required: String
        new Person(parts(0), parts(1))
                   ^^^^^^^^
INFO  /home/mahamed/workspace/other/sca/scala-practise/src/main/scala/people/Person.scala:10:30: stale scalac error: type mismatch;
 found   : Char
 required: String
        new Person(parts(0), parts(1))
                             ^^^^^^^^
INFO  /home/mahamed/workspace/other/sca/scala-practise/src/main/scala/people/Person.scala:9:30: stale scalac error: type mismatch;
 found   : Array[String]
 required: String
        val parts : String = name.split(" ")
                             ^^^^^^^^^^^^^^^
INFO  /home/mahamed/workspace/other/sca/scala-practise/src/main/scala/people/Person.scala:10:20: stale scalac error: type mismatch;
 found   : Char
 required: String
        new Person(parts(0), parts(1))
                   ^^^^^^^^
INFO  /home/mahamed/workspace/other/sca/scala-practise/src/main/scala/people/Person.scala:10:30: stale scalac error: type mismatch;
 found   : Char
 required: String
        new Person(parts(0), parts(1))
                             ^^^^^^^^
INFO  compiling scala-practise (4 scala sources)
INFO  time: compiled scala-practise in 7.47s
INFO  compiling scala-practise (1 scala source)
INFO  time: compiled scala-practise in 1s
something's wrong: no file:///home/mahamed/workspace/other/sca/scala-practise/src/main/scala/people/Person.scala in Array[<error>]RangePosition(file:///home/mahamed/workspace/other/sca/scala-practise/src/main/scala/people/Person.scala, 193, 193, 217)
something's wrong: no file:///home/mahamed/workspace/other/sca/scala-practise/src/main/scala/people/Person.scala in Array[<error>]RangePosition(file:///home/mahamed/workspace/other/sca/scala-practise/src/main/scala/people/Person.scala, 193, 193, 208)
something's wrong: no file:///home/mahamed/workspace/other/sca/scala-practise/src/main/scala/people/Person.scala in Array[<error>]RangePosition(file:///home/mahamed/workspace/other/sca/scala-practise/src/main/scala/people/Person.scala, 193, 193, 201)
something's wrong: no file:///home/mahamed/workspace/other/sca/scala-practise/src/main/scala/people/Person.scala in Array[<error>]RangePosition(file:///home/mahamed/workspace/other/sca/scala-practise/src/main/scala/people/Person.scala, 193, 193, 208)
something's wrong: no file:///home/mahamed/workspace/other/sca/scala-practise/src/main/scala/people/Person.scala in Array[<error>]RangePosition(file:///home/mahamed/workspace/other/sca/scala-practise/src/main/scala/people/Person.scala, 193, 193, 201)
something's wrong: no file:///home/mahamed/workspace/other/sca/scala-practise/src/main/scala/people/Person.scala in Array[String]RangePosition(file:///home/mahamed/workspace/other/sca/scala-practise/src/main/scala/people/Person.scala, 193, 193, 206)
INFO  compiling scala-practise (1 scala source)
INFO  time: compiled scala-practise in 0.76s
INFO  compiling scala-practise (1 scala source)
INFO  time: compiled scala-practise in 0.3s
ERROR Failed to compile 'scala-practise'
INFO  compiling scala-practise (1 scala source)
INFO  time: compiled scala-practise in 0.27s
ERROR Failed to compile 'scala-practise'
Oct 20, 2019 10:12:05 AM scala.meta.internal.pc.CompilerAccess handleError
SEVERE: null
java.lang.NullPointerException
	at scala.meta.internal.pc.HoverProvider.seenFromType(HoverProvider.scala:106)
	at scala.meta.internal.pc.HoverProvider.hover(HoverProvider.scala:42)

Oct 20, 2019 10:12:05 AM scala.meta.internal.pc.CompilerAccess handleError
SEVERE: null
java.lang.NullPointerException
	at scala.meta.internal.pc.HoverProvider.seenFromType(HoverProvider.scala:106)
	at scala.meta.internal.pc.HoverProvider.hover(HoverProvider.scala:42)

something's wrong: no file:///home/mahamed/workspace/other/sca/scala-practise/src/main/scala/Main.scala in cats.effect.IO[Unit]RangePosition(file:///home/mahamed/workspace/other/sca/scala-practise/src/main/scala/Main.scala, 502, 502, 510)
INFO  compiling scala-practise (1 scala source)
INFO  time: compiled scala-practise in 0.18s
ERROR Failed to compile 'scala-practise'
INFO  compiling scala-practise (1 scala source)
INFO  time: compiled scala-practise in 0.15s
ERROR Failed to compile 'scala-practise'
INFO  compiling scala-practise (1 scala source)
INFO  time: compiled scala-practise in 0.18s
ERROR Failed to compile 'scala-practise'
INFO  compiling scala-practise (1 scala source)
INFO  time: compiled scala-practise in 0.1s
ERROR Failed to compile 'scala-practise'
INFO  compiling scala-practise (1 scala source)
INFO  time: compiled scala-practise in 0.17s
ERROR Failed to compile 'scala-practise'
INFO  compiling scala-practise (1 scala source)
INFO  time: compiled scala-practise in 0.24s
ERROR Failed to compile 'scala-practise'
INFO  compiling scala-practise (1 scala source)
INFO  time: compiled scala-practise in 0.15s
ERROR Failed to compile 'scala-practise'
INFO  compiling scala-practise (1 scala source)
INFO  time: compiled scala-practise in 1.04s
INFO  compiling scala-practise (1 scala source)
INFO  time: compiled scala-practise in 0.14s
ERROR Failed to compile 'scala-practise'
INFO  compiling scala-practise (1 scala source)
INFO  time: compiled scala-practise in 0.14s
ERROR Failed to compile 'scala-practise'
INFO  compiling scala-practise (1 scala source)
INFO  time: compiled scala-practise in 0.39s
ERROR Failed to compile 'scala-practise'
INFO  compiling scala-practise (1 scala source)
INFO  time: compiled scala-practise in 0.27s
ERROR Failed to compile 'scala-practise'
INFO  compiling scala-practise (1 scala source)
INFO  time: compiled scala-practise in 0.31s
ERROR Failed to compile 'scala-practise'
INFO  compiling scala-practise (1 scala source)
INFO  time: compiled scala-practise in 0.42s
ERROR Failed to compile 'scala-practise'
INFO  compiling scala-practise (1 scala source)
INFO  time: compiled scala-practise in 0.32s
ERROR Failed to compile 'scala-practise'
INFO  compiling scala-practise (1 scala source)
INFO  time: compiled scala-practise in 0.24s
ERROR Failed to compile 'scala-practise'
INFO  compiling scala-practise (1 scala source)
INFO  time: compiled scala-practise in 1.1s
INFO  time: initialize in 1.38s
INFO  running embedded 'bloop bsp --protocol local --socket /tmp/bsp731474208653689547/-snlgu5pvmu49.socket'
INFO  skipping build import with status 'Installed'
WARN  no build target: /home/mahamed/workspace/other/sca/scala-practise/src/main/scala/people/Person.scala
WARN  no build target: /home/mahamed/workspace/other/sca/scala-practise/src/main/scala/Main.scala
WARN  no build target: /home/mahamed/workspace/other/sca/scala-practise/src/main/scala/Main.scala
INFO  no build target: using presentation compiler with only scala-library
The server is listening for incoming connections at local:///tmp/bsp731474208653689547/-snlgu5pvmu49.socket...
Accepted incoming BSP client connection at local:///tmp/bsp731474208653689547/-snlgu5pvmu49.socket
INFO  tracing is disabled for protocol BSP, to enable tracing of incoming and outgoing JSON messages create an empty file at /home/mahamed/.cache/metals/bsp.trace.json
request received: build/initialize
INFO  time: connected to build server in 19s
BSP initialization handshake complete.
INFO  time: imported build in 0.34s
WARN  Could not find java sources in None. Java symbols will not be available.
INFO  time: indexed workspace in 1.13s
INFO  compiling scala-practise (1 scala source)
Oct 20, 2019 10:59:52 AM scala.meta.internal.pc.CompilerAccess handleError
SEVERE: null
java.lang.NullPointerException
	at scala.meta.internal.pc.HoverProvider.seenFromType(HoverProvider.scala:106)
	at scala.meta.internal.pc.HoverProvider.hover(HoverProvider.scala:42)

INFO  time: compiled scala-practise in 5.52s
ERROR Failed to compile 'scala-practise'
INFO  compiling scala-practise (1 scala source)
INFO  time: compiled scala-practise in 0.61s
ERROR Failed to compile 'scala-practise'
something's wrong: no file:///home/mahamed/workspace/other/sca/scala-practise/src/main/scala/people/Person.scala in Array[String]RangePosition(file:///home/mahamed/workspace/other/sca/scala-practise/src/main/scala/people/Person.scala, 215, 215, 228)
INFO  compiling scala-practise (1 scala source)
INFO  time: compiled scala-practise in 0.89s
ERROR Failed to compile 'scala-practise'
Oct 20, 2019 11:01:15 AM scala.meta.internal.pc.CompilerAccess retryWithCleanCompiler
INFO: compiler crashed due to an error in the Scala compiler, retrying with new compiler instance.
Oct 20, 2019 11:01:16 AM scala.meta.internal.pc.CompilerAccess handleError
SEVERE: null
java.lang.NullPointerException
	at scala.reflect.internal.Definitions$DefinitionsClass.isByNameParamType(Definitions.scala:416)
	at scala.reflect.internal.TreeInfo.isStableIdent(TreeInfo.scala:137)
	at scala.reflect.internal.TreeInfo.isStableIdentifier(TreeInfo.scala:113)
	at scala.reflect.internal.TreeInfo.isPath(TreeInfo.scala:102)
	at scala.reflect.internal.TreeInfo.admitsTypeSelection(TreeInfo.scala:155)
	at scala.tools.nsc.interactive.Global.stabilizedType(Global.scala:959)
	at scala.tools.nsc.interactive.Global.typedTreeAt(Global.scala:807)
	at scala.meta.internal.pc.SignatureHelpProvider.signatureHelp(SignatureHelpProvider.scala:22)

INFO  compiling scala-practise (2 scala sources)
INFO  time: compiled scala-practise in 1.31s
ERROR Failed to compile 'scala-practise'
INFO  compiling scala-practise (2 scala sources)
INFO  time: compiled scala-practise in 0.86s
ERROR Failed to compile 'scala-practise'
INFO  compiling scala-practise (2 scala sources)
INFO  time: compiled scala-practise in 0.62s
ERROR Failed to compile 'scala-practise'
INFO  compiling scala-practise (2 scala sources)
INFO  time: compiled scala-practise in 0.56s
ERROR Failed to compile 'scala-practise'
Oct 20, 2019 11:01:55 AM scala.meta.internal.pc.CompilerAccess handleError
SEVERE: null
java.lang.NullPointerException
	at scala.meta.internal.pc.HoverProvider.seenFromType(HoverProvider.scala:106)
	at scala.meta.internal.pc.HoverProvider.hover(HoverProvider.scala:42)

Oct 20, 2019 11:01:55 AM scala.meta.internal.pc.CompilerAccess handleError
SEVERE: null
java.lang.NullPointerException
	at scala.meta.internal.pc.HoverProvider.seenFromType(HoverProvider.scala:106)
	at scala.meta.internal.pc.HoverProvider.hover(HoverProvider.scala:42)

Oct 20, 2019 11:02:07 AM scala.meta.internal.pc.Completions completionPosition
SEVERE: null
java.lang.NullPointerException
	at scala.meta.internal.pc.Completions$CompletionPosition$Override.<init>(Completions.scala:1034)
	at scala.meta.internal.pc.Completions.completionPositionUnsafe(Completions.scala:472)
	at scala.meta.internal.pc.Completions.completionPositionUnsafe$(Completions.scala:393)
	at scala.meta.internal.pc.MetalsGlobal.completionPositionUnsafe(MetalsGlobal.scala:23)
	at scala.meta.internal.pc.Completions.completionPosition(Completions.scala:385)
	at scala.meta.internal.pc.Completions.completionPosition$(Completions.scala:370)
	at scala.meta.internal.pc.MetalsGlobal.completionPosition(MetalsGlobal.scala:23)
	at scala.meta.internal.pc.CompletionProvider.safeCompletionsAt(CompletionProvider.scala:403)
	at scala.meta.internal.pc.CompletionProvider.completions(CompletionProvider.scala:47)
	at scala.meta.internal.pc.ScalaPresentationCompiler.$anonfun$complete$1(ScalaPresentationCompiler.scala:87)
	at scala.meta.internal.pc.CompilerAccess.withSharedCompiler(CompilerAccess.scala:120)
	at scala.meta.internal.pc.CompilerAccess.$anonfun$withInterruptableCompiler$1(CompilerAccess.scala:77)
	at scala.meta.internal.pc.CompilerAccess.$anonfun$onCompilerJobQueue$1(CompilerAccess.scala:198)
	at scala.meta.internal.pc.CompilerJobQueue$Job.run(CompilerJobQueue.scala:73)
	at java.util.concurrent.ThreadPoolExecutor.runWorker(ThreadPoolExecutor.java:1149)
	at java.util.concurrent.ThreadPoolExecutor$Worker.run(ThreadPoolExecutor.java:624)
	at java.lang.Thread.run(Thread.java:748)

Oct 20, 2019 11:02:07 AM scala.meta.internal.pc.Completions completionPosition
SEVERE: null
java.lang.NullPointerException
	at scala.meta.internal.pc.Completions$CompletionPosition$Override.<init>(Completions.scala:1034)
	at scala.meta.internal.pc.Completions.completionPositionUnsafe(Completions.scala:472)
	at scala.meta.internal.pc.Completions.completionPositionUnsafe$(Completions.scala:393)
	at scala.meta.internal.pc.MetalsGlobal.completionPositionUnsafe(MetalsGlobal.scala:23)
	at scala.meta.internal.pc.Completions.completionPosition(Completions.scala:385)
	at scala.meta.internal.pc.Completions.completionPosition$(Completions.scala:370)
	at scala.meta.internal.pc.MetalsGlobal.completionPosition(MetalsGlobal.scala:23)
	at scala.meta.internal.pc.CompletionProvider.safeCompletionsAt(CompletionProvider.scala:403)
	at scala.meta.internal.pc.CompletionProvider.completions(CompletionProvider.scala:47)
	at scala.meta.internal.pc.ScalaPresentationCompiler.$anonfun$complete$1(ScalaPresentationCompiler.scala:87)
	at scala.meta.internal.pc.CompilerAccess.withSharedCompiler(CompilerAccess.scala:120)
	at scala.meta.internal.pc.CompilerAccess.$anonfun$withInterruptableCompiler$1(CompilerAccess.scala:77)
	at scala.meta.internal.pc.CompilerAccess.$anonfun$onCompilerJobQueue$1(CompilerAccess.scala:198)
	at scala.meta.internal.pc.CompilerJobQueue$Job.run(CompilerJobQueue.scala:73)
	at java.util.concurrent.ThreadPoolExecutor.runWorker(ThreadPoolExecutor.java:1149)
	at java.util.concurrent.ThreadPoolExecutor$Worker.run(ThreadPoolExecutor.java:624)
	at java.lang.Thread.run(Thread.java:748)

something's wrong: no file:///home/mahamed/workspace/other/sca/scala-practise/src/main/scala/people/Person.scala in cats.effect.IO[<error>]RangePosition(file:///home/mahamed/workspace/other/sca/scala-practise/src/main/scala/people/Person.scala, 328, 328, 510)
Oct 20, 2019 11:04:25 AM scala.meta.internal.pc.CompletionProvider scala$meta$internal$pc$CompletionProvider$$loadSymbolFromClassfile
WARNING: no such symbol: Classfile(org/scalatest/time/,Units.class)
Oct 20, 2019 11:04:25 AM scala.meta.internal.pc.CompletionProvider scala$meta$internal$pc$CompletionProvider$$loadSymbolFromClassfile
WARNING: no such symbol: Classfile(org/scalatest/selenium/,HtmlUnit.class)
Oct 20, 2019 11:04:25 AM scala.meta.internal.pc.CompletionProvider scala$meta$internal$pc$CompletionProvider$$loadSymbolFromClassfile
WARNING: no such symbol: Classfile(org/scalatestplus/selenium/,HtmlUnit.class)
Oct 20, 2019 11:04:25 AM scala.meta.internal.pc.CompletionProvider scala$meta$internal$pc$CompletionProvider$$loadSymbolFromClassfile
WARNING: no such symbol: Classfile(org/scalatestplus/selenium/,HtmlUnit$.class)
Oct 20, 2019 11:04:25 AM scala.meta.internal.pc.CompletionProvider scala$meta$internal$pc$CompletionProvider$$loadSymbolFromClassfile
WARNING: no such symbol: Classfile(org/scalatest/selenium/,HtmlUnit$.class)
Oct 20, 2019 11:04:25 AM scala.meta.internal.pc.CompletionProvider scala$meta$internal$pc$CompletionProvider$$loadSymbolFromClassfile
WARNING: no such symbol: Classfile(org/scalatestplus/junit/,JUnitSuite.class)
Oct 20, 2019 11:04:25 AM scala.meta.internal.pc.CompletionProvider scala$meta$internal$pc$CompletionProvider$$loadSymbolFromClassfile
WARNING: no such symbol: Classfile(org/scalatest/junit/,JUnitSuite.class)
INFO  compiling scala-practise (2 scala sources)
INFO  time: compiled scala-practise in 0.55s
ERROR Failed to compile 'scala-practise'
INFO  compiling scala-practise (2 scala sources)
INFO  time: compiled scala-practise in 0.85s
ERROR Failed to compile 'scala-practise'
Oct 20, 2019 11:04:47 AM org.eclipse.lsp4j.jsonrpc.RemoteEndpoint handleCancellation
WARNING: Unmatched cancel notification for request id 151
INFO  compiling scala-practise (2 scala sources)
INFO  time: compiled scala-practise in 1.32s
ERROR Failed to compile 'scala-practise'
INFO  compiling scala-practise (2 scala sources)
INFO  time: compiled scala-practise in 0.49s
ERROR Failed to compile 'scala-practise'
INFO  compiling scala-practise (2 scala sources)
INFO  time: compiled scala-practise in 0.51s
ERROR Failed to compile 'scala-practise'
INFO  compiling scala-practise (2 scala sources)
INFO  time: compiled scala-practise in 0.72s
ERROR Failed to compile 'scala-practise'
INFO  compiling scala-practise (2 scala sources)
INFO  time: compiled scala-practise in 0.47s
ERROR Failed to compile 'scala-practise'
INFO  compiling scala-practise (2 scala sources)
INFO  time: compiled scala-practise in 0.41s
ERROR Failed to compile 'scala-practise'
Oct 20, 2019 11:05:40 AM scala.meta.internal.pc.CompletionProvider scala$meta$internal$pc$CompletionProvider$$loadSymbolFromClassfile
WARNING: no such symbol: Classfile(org/scalatest/time/,Units.class)
Oct 20, 2019 11:05:40 AM scala.meta.internal.pc.CompletionProvider scala$meta$internal$pc$CompletionProvider$$loadSymbolFromClassfile
WARNING: no such symbol: Classfile(org/scalatest/selenium/,HtmlUnit.class)
Oct 20, 2019 11:05:40 AM scala.meta.internal.pc.CompletionProvider scala$meta$internal$pc$CompletionProvider$$loadSymbolFromClassfile
WARNING: no such symbol: Classfile(org/scalatestplus/selenium/,HtmlUnit.class)
Oct 20, 2019 11:05:40 AM scala.meta.internal.pc.CompletionProvider scala$meta$internal$pc$CompletionProvider$$loadSymbolFromClassfile
WARNING: no such symbol: Classfile(org/scalatestplus/selenium/,HtmlUnit$.class)
Oct 20, 2019 11:05:40 AM scala.meta.internal.pc.CompletionProvider scala$meta$internal$pc$CompletionProvider$$loadSymbolFromClassfile
WARNING: no such symbol: Classfile(org/scalatest/selenium/,HtmlUnit$.class)
Oct 20, 2019 11:05:40 AM scala.meta.internal.pc.CompletionProvider scala$meta$internal$pc$CompletionProvider$$loadSymbolFromClassfile
WARNING: no such symbol: Classfile(org/scalatestplus/junit/,JUnitSuite.class)
Oct 20, 2019 11:05:40 AM scala.meta.internal.pc.CompletionProvider scala$meta$internal$pc$CompletionProvider$$loadSymbolFromClassfile
WARNING: no such symbol: Classfile(org/scalatest/junit/,JUnitSuite.class)
INFO  compiling scala-practise (2 scala sources)
INFO  time: compiled scala-practise in 0.39s
ERROR Failed to compile 'scala-practise'
INFO  compiling scala-practise (2 scala sources)
INFO  time: compiled scala-practise in 0.58s
ERROR Failed to compile 'scala-practise'
Oct 20, 2019 11:06:04 AM scala.meta.internal.pc.CompilerAccess handleError
SEVERE: null
java.lang.NullPointerException
	at scala.meta.internal.pc.HoverProvider.seenFromType(HoverProvider.scala:106)
	at scala.meta.internal.pc.HoverProvider.hover(HoverProvider.scala:42)

INFO  compiling scala-practise (2 scala sources)
INFO  time: compiled scala-practise in 0.45s
ERROR Failed to compile 'scala-practise'
INFO  compiling scala-practise (2 scala sources)
INFO  time: compiled scala-practise in 0.47s
ERROR Failed to compile 'scala-practise'
INFO  compiling scala-practise (2 scala sources)
INFO  time: compiled scala-practise in 0.39s
ERROR Failed to compile 'scala-practise'
INFO  compiling scala-practise (2 scala sources)
INFO  time: compiled scala-practise in 0.4s
ERROR Failed to compile 'scala-practise'
something's wrong: no file:///home/mahamed/workspace/other/sca/scala-practise/src/main/scala/people/Person.scala in cats.effect.IO[Unit]RangePosition(file:///home/mahamed/workspace/other/sca/scala-practise/src/main/scala/people/Person.scala, 421, 421, 429)
INFO  compiling scala-practise (2 scala sources)
INFO  time: compiled scala-practise in 0.36s
ERROR Failed to compile 'scala-practise'
INFO  compiling scala-practise (2 scala sources)
INFO  time: compiled scala-practise in 0.29s
ERROR Failed to compile 'scala-practise'
INFO  compiling scala-practise (2 scala sources)
INFO  time: compiled scala-practise in 0.43s
ERROR Failed to compile 'scala-practise'
INFO  compiling scala-practise (2 scala sources)
INFO  time: compiled scala-practise in 0.42s
ERROR Failed to compile 'scala-practise'
INFO  compiling scala-practise (2 scala sources)
INFO  time: compiled scala-practise in 0.47s
ERROR Failed to compile 'scala-practise'
INFO  compiling scala-practise (2 scala sources)
INFO  time: compiled scala-practise in 0.37s
ERROR Failed to compile 'scala-practise'
INFO  compiling scala-practise (2 scala sources)
INFO  time: compiled scala-practise in 0.17s
ERROR Failed to compile 'scala-practise'
INFO  compiling scala-practise (2 scala sources)
INFO  time: compiled scala-practise in 0.12s
ERROR Failed to compile 'scala-practise'
INFO  compiling scala-practise (2 scala sources)
INFO  time: compiled scala-practise in 0.5s
ERROR Failed to compile 'scala-practise'
INFO  compiling scala-practise (2 scala sources)
INFO  time: compiled scala-practise in 0.42s
ERROR Failed to compile 'scala-practise'
INFO  compiling scala-practise (2 scala sources)
INFO  time: compiled scala-practise in 0.34s
ERROR Failed to compile 'scala-practise'
INFO  compiling scala-practise (2 scala sources)
INFO  time: compiled scala-practise in 0.27s
ERROR Failed to compile 'scala-practise'
INFO  compiling scala-practise (2 scala sources)
INFO  time: compiled scala-practise in 0.36s
ERROR Failed to compile 'scala-practise'
INFO  compiling scala-practise (2 scala sources)
INFO  time: compiled scala-practise in 0.3s
ERROR Failed to compile 'scala-practise'
INFO  compiling scala-practise (2 scala sources)
INFO  time: compiled scala-practise in 0.48s
ERROR Failed to compile 'scala-practise'
INFO  compiling scala-practise (2 scala sources)
INFO  time: compiled scala-practise in 0.37s
ERROR Failed to compile 'scala-practise'
INFO  compiling scala-practise (2 scala sources)
INFO  time: compiled scala-practise in 0.46s
ERROR Failed to compile 'scala-practise'
INFO  compiling scala-practise (2 scala sources)
INFO  time: compiled scala-practise in 0.22s
ERROR Failed to compile 'scala-practise'
Oct 20, 2019 11:12:06 AM scala.meta.internal.pc.CompletionProvider scala$meta$internal$pc$CompletionProvider$$loadSymbolFromClassfile
WARNING: no such symbol: Classfile(org/scalatest/time/,Units.class)
Oct 20, 2019 11:12:07 AM scala.meta.internal.pc.CompletionProvider scala$meta$internal$pc$CompletionProvider$$loadSymbolFromClassfile
WARNING: no such symbol: Classfile(org/scalatest/selenium/,HtmlUnit.class)
Oct 20, 2019 11:12:07 AM scala.meta.internal.pc.CompletionProvider scala$meta$internal$pc$CompletionProvider$$loadSymbolFromClassfile
WARNING: no such symbol: Classfile(org/scalatestplus/selenium/,HtmlUnit.class)
Oct 20, 2019 11:12:07 AM scala.meta.internal.pc.CompletionProvider scala$meta$internal$pc$CompletionProvider$$loadSymbolFromClassfile
WARNING: no such symbol: Classfile(org/scalatest/selenium/,HtmlUnit$.class)
Oct 20, 2019 11:12:07 AM scala.meta.internal.pc.CompletionProvider scala$meta$internal$pc$CompletionProvider$$loadSymbolFromClassfile
WARNING: no such symbol: Classfile(org/scalatestplus/selenium/,HtmlUnit$.class)
Oct 20, 2019 11:12:07 AM scala.meta.internal.pc.CompletionProvider scala$meta$internal$pc$CompletionProvider$$loadSymbolFromClassfile
WARNING: no such symbol: Classfile(org/scalatest/time/,Units.class)
Oct 20, 2019 11:12:07 AM scala.meta.internal.pc.CompletionProvider scala$meta$internal$pc$CompletionProvider$$loadSymbolFromClassfile
WARNING: no such symbol: Classfile(org/scalatest/selenium/,HtmlUnit.class)
Oct 20, 2019 11:12:07 AM scala.meta.internal.pc.CompletionProvider scala$meta$internal$pc$CompletionProvider$$loadSymbolFromClassfile
WARNING: no such symbol: Classfile(org/scalatestplus/selenium/,HtmlUnit.class)
Oct 20, 2019 11:12:07 AM scala.meta.internal.pc.CompletionProvider scala$meta$internal$pc$CompletionProvider$$loadSymbolFromClassfile
WARNING: no such symbol: Classfile(org/scalatestplus/selenium/,HtmlUnit$.class)
Oct 20, 2019 11:12:07 AM scala.meta.internal.pc.CompletionProvider scala$meta$internal$pc$CompletionProvider$$loadSymbolFromClassfile
WARNING: no such symbol: Classfile(org/scalatest/selenium/,HtmlUnit$.class)
Oct 20, 2019 11:12:07 AM scala.meta.internal.pc.CompletionProvider scala$meta$internal$pc$CompletionProvider$$loadSymbolFromClassfile
WARNING: no such symbol: Classfile(org/scalatestplus/junit/,JUnitSuite.class)
Oct 20, 2019 11:12:07 AM scala.meta.internal.pc.CompletionProvider scala$meta$internal$pc$CompletionProvider$$loadSymbolFromClassfile
WARNING: no such symbol: Classfile(org/scalatest/junit/,JUnitSuite.class)
INFO  compiling scala-practise (2 scala sources)
INFO  time: compiled scala-practise in 0.26s
ERROR Failed to compile 'scala-practise'
INFO  compiling scala-practise (2 scala sources)
INFO  time: compiled scala-practise in 0.36s
ERROR Failed to compile 'scala-practise'
INFO  compiling scala-practise (2 scala sources)
INFO  time: compiled scala-practise in 0.36s
ERROR Failed to compile 'scala-practise'
INFO  compiling scala-practise (2 scala sources)
INFO  time: compiled scala-practise in 0.21s
ERROR Failed to compile 'scala-practise'
Oct 20, 2019 11:12:32 AM scala.meta.internal.pc.CompilerAccess handleError
SEVERE: null
java.lang.NullPointerException
	at scala.meta.internal.pc.HoverProvider.hover(HoverProvider.scala:37)

INFO  compiling scala-practise (2 scala sources)
INFO  time: compiled scala-practise in 0.35s
ERROR Failed to compile 'scala-practise'
INFO  compiling scala-practise (2 scala sources)
INFO  time: compiled scala-practise in 0.29s
ERROR Failed to compile 'scala-practise'
INFO  compiling scala-practise (2 scala sources)
INFO  time: compiled scala-practise in 5.75s
INFO  compiling scala-practise (1 scala source)
INFO  time: compiled scala-practise in 6s
INFO  compiling scala-practise (1 scala source)
INFO  time: compiled scala-practise in 4.04s
Oct 20, 2019 11:18:29 AM scala.meta.internal.pc.CompletionProvider scala$meta$internal$pc$CompletionProvider$$loadSymbolFromClassfile
WARNING: no such symbol: Classfile(org/scalatest/time/,Units.class)
Oct 20, 2019 11:18:29 AM scala.meta.internal.pc.CompletionProvider scala$meta$internal$pc$CompletionProvider$$loadSymbolFromClassfile
WARNING: no such symbol: Classfile(org/scalatest/selenium/,HtmlUnit.class)
Oct 20, 2019 11:18:29 AM scala.meta.internal.pc.CompletionProvider scala$meta$internal$pc$CompletionProvider$$loadSymbolFromClassfile
WARNING: no such symbol: Classfile(org/scalatestplus/selenium/,HtmlUnit.class)
Oct 20, 2019 11:18:29 AM scala.meta.internal.pc.CompletionProvider scala$meta$internal$pc$CompletionProvider$$loadSymbolFromClassfile
WARNING: no such symbol: Classfile(org/scalatestplus/selenium/,HtmlUnit$.class)
Oct 20, 2019 11:18:29 AM scala.meta.internal.pc.CompletionProvider scala$meta$internal$pc$CompletionProvider$$loadSymbolFromClassfile
WARNING: no such symbol: Classfile(org/scalatest/selenium/,HtmlUnit$.class)
Oct 20, 2019 11:18:29 AM scala.meta.internal.pc.CompletionProvider scala$meta$internal$pc$CompletionProvider$$loadSymbolFromClassfile
WARNING: no such symbol: Classfile(org/scalatestplus/junit/,JUnitSuite.class)
Oct 20, 2019 11:18:29 AM scala.meta.internal.pc.CompletionProvider scala$meta$internal$pc$CompletionProvider$$loadSymbolFromClassfile
WARNING: no such symbol: Classfile(org/scalatest/junit/,JUnitSuite.class)
INFO  compiling scala-practise (1 scala source)
INFO  time: compiled scala-practise in 3.5s
INFO  compiling scala-practise (1 scala source)
INFO  time: compiled scala-practise in 0.37s
ERROR Failed to compile 'scala-practise'
INFO  compiling scala-practise (1 scala source)
INFO  time: compiled scala-practise in 0.36s
ERROR Failed to compile 'scala-practise'
INFO  compiling scala-practise (1 scala source)
INFO  time: compiled scala-practise in 0.38s
ERROR Failed to compile 'scala-practise'
INFO  compiling scala-practise (1 scala source)
INFO  time: compiled scala-practise in 0.41s
ERROR Failed to compile 'scala-practise'
INFO  compiling scala-practise (2 scala sources)
INFO  time: compiled scala-practise in 0.28s
ERROR Failed to compile 'scala-practise'
INFO  compiling scala-practise (2 scala sources)
INFO  time: compiled scala-practise in 0.32s
ERROR Failed to compile 'scala-practise'
INFO  compiling scala-practise (1 scala source)
INFO  time: compiled scala-practise in 0.42s
ERROR Failed to compile 'scala-practise'
INFO  compiling scala-practise (1 scala source)
INFO  time: compiled scala-practise in 0.54s
ERROR Failed to compile 'scala-practise'
something's wrong: no file:///home/mahamed/workspace/other/sca/scala-practise/src/main/scala/parser/Parser_stateMonad.scala in cats.effect.IO[Unit]RangePosition(file:///home/mahamed/workspace/other/sca/scala-practise/src/main/scala/parser/Parser_stateMonad.scala, 1714, 1714, 1722)
INFO  compiling scala-practise (2 scala sources)
INFO  time: compiled scala-practise in 6.21s
INFO  compiling scala-practise (1 scala source)
INFO  time: compiled scala-practise in 4.03s
INFO  compiling scala-practise (1 scala source)
INFO  time: compiled scala-practise in 0.65s
ERROR Failed to compile 'scala-practise'
INFO  compiling scala-practise (1 scala source)
INFO  time: compiled scala-practise in 0.6s
ERROR Failed to compile 'scala-practise'
INFO  compiling scala-practise (1 scala source)
INFO  time: compiled scala-practise in 0.55s
ERROR Failed to compile 'scala-practise'
INFO  compiling scala-practise (1 scala source)
INFO  time: compiled scala-practise in 0.17s
ERROR Failed to compile 'scala-practise'
INFO  compiling scala-practise (1 scala source)
INFO  time: compiled scala-practise in 2.88s
INFO  compiling scala-practise (1 scala source)
INFO  time: compiled scala-practise in 1.35s
INFO  compiling scala-practise (1 scala source)
INFO  time: compiled scala-practise in 1.23s
INFO  compiling scala-practise (1 scala source)
INFO  time: compiled scala-practise in 1.15s
something's wrong: no file:///home/mahamed/workspace/other/sca/scala-practise/src/main/scala/parser/Parser_stateMonad.scala in parser.package.Parser[Char]RangePosition(file:///home/mahamed/workspace/other/sca/scala-practise/src/main/scala/parser/Parser_stateMonad.scala, 1015, 1015, 1027)
something's wrong: no file:///home/mahamed/workspace/other/sca/scala-practise/src/main/scala/Main.scala in cats.effect.IO[Unit]RangePosition(file:///home/mahamed/workspace/other/sca/scala-practise/src/main/scala/Main.scala, 457, 457, 465)
INFO  compiling scala-practise (1 scala source)
INFO  time: compiled scala-practise in 0.15s
ERROR Failed to compile 'scala-practise'
INFO  compiling scala-practise (1 scala source)
INFO  time: compiled scala-practise in 0.18s
ERROR Failed to compile 'scala-practise'
INFO  compiling scala-practise (1 scala source)
INFO  time: compiled scala-practise in 0.16s
ERROR Failed to compile 'scala-practise'
INFO  compiling scala-practise (1 scala source)
INFO  time: compiled scala-practise in 0.15s
ERROR Failed to compile 'scala-practise'
INFO  compiling scala-practise (1 scala source)
INFO  time: compiled scala-practise in 0.13s
ERROR Failed to compile 'scala-practise'
INFO  compiling scala-practise (1 scala source)
INFO  time: compiled scala-practise in 0.13s
ERROR Failed to compile 'scala-practise'
INFO  compiling scala-practise (1 scala source)
INFO  time: compiled scala-practise in 1.58s
INFO  compiling scala-practise (1 scala source)
INFO  time: compiled scala-practise in 1.47s
INFO  compiling scala-practise (1 scala source)
INFO  time: compiled scala-practise in 1.58s
INFO  compiling scala-practise (1 scala source)
INFO  time: compiled scala-practise in 0.56s
INFO  compiling scala-practise (1 scala source)
INFO  time: compiled scala-practise in 2.01s
INFO  compiling scala-practise (1 scala source)
INFO  time: compiled scala-practise in 0.22s
ERROR Failed to compile 'scala-practise'
INFO  compiling scala-practise (1 scala source)
INFO  time: compiled scala-practise in 0.12s
ERROR Failed to compile 'scala-practise'
INFO  compiling scala-practise (1 scala source)
INFO  time: compiled scala-practise in 0.72s
INFO  compiling scala-practise (1 scala source)
INFO  time: compiled scala-practise in 0.78s
ERROR Failed to compile 'scala-practise'
INFO  compiling scala-practise (1 scala source)
INFO  time: compiled scala-practise in 0.91s
ERROR Failed to compile 'scala-practise'
INFO  compiling scala-practise (1 scala source)
INFO  time: compiled scala-practise in 1.55s
INFO  compiling scala-practise (1 scala source)
INFO  time: compiled scala-practise in 1.4s
something's wrong: no file:///home/mahamed/workspace/other/sca/scala-practise/src/main/scala/parser/Parser_stateMonad.scala in parser.package.Parser[Char]RangePosition(file:///home/mahamed/workspace/other/sca/scala-practise/src/main/scala/parser/Parser_stateMonad.scala, 1015, 1015, 1027)
INFO  compiling scala-practise (1 scala source)
INFO  time: compiled scala-practise in 0.14s
ERROR Failed to compile 'scala-practise'
INFO  compiling scala-practise (1 scala source)
INFO  time: compiled scala-practise in 0.2s
ERROR Failed to compile 'scala-practise'
INFO  compiling scala-practise (1 scala source)
INFO  time: compiled scala-practise in 0.19s
ERROR Failed to compile 'scala-practise'
INFO  compiling scala-practise (1 scala source)
INFO  time: compiled scala-practise in 0.14s
ERROR Failed to compile 'scala-practise'
Oct 20, 2019 12:03:42 PM scala.meta.internal.pc.CompilerAccess handleError
SEVERE: null
java.lang.NullPointerException
	at scala.meta.internal.pc.HoverProvider.seenFromType(HoverProvider.scala:106)
	at scala.meta.internal.pc.HoverProvider.hover(HoverProvider.scala:42)

Oct 20, 2019 12:03:43 PM scala.meta.internal.pc.CompilerAccess handleError
SEVERE: null
java.lang.NullPointerException
	at scala.meta.internal.pc.HoverProvider.seenFromType(HoverProvider.scala:106)
	at scala.meta.internal.pc.HoverProvider.hover(HoverProvider.scala:42)

INFO  compiling scala-practise (1 scala source)
INFO  time: compiled scala-practise in 78ms
ERROR Failed to compile 'scala-practise'
INFO  compiling scala-practise (1 scala source)
INFO  time: compiled scala-practise in 0.11s
ERROR Failed to compile 'scala-practise'
INFO  compiling scala-practise (1 scala source)
INFO  time: compiled scala-practise in 0.11s
ERROR Failed to compile 'scala-practise'
INFO  compiling scala-practise (1 scala source)
INFO  time: compiled scala-practise in 98ms
ERROR Failed to compile 'scala-practise'
INFO  /home/mahamed/workspace/other/sca/scala-practise/src/main/scala/Main.scala:22:7: stale scalac error: ')' expected but '_' found.
      _ <- IO{println(s"finished printing ###${l}")}
      ^
INFO  /home/mahamed/workspace/other/sca/scala-practise/src/main/scala/Main.scala:23:5: stale scalac error: illegal start of simple expression
    } yield ()
    ^
Oct 20, 2019 12:04:09 PM org.eclipse.lsp4j.jsonrpc.RemoteEndpoint handleCancellation
WARNING: Unmatched cancel notification for request id 1002
INFO  /home/mahamed/workspace/other/sca/scala-practise/src/main/scala/Main.scala:22:7: stale scalac error: ')' expected but '_' found.
      _ <- IO{println(s"finished printing ###${l}")}
      ^
INFO  /home/mahamed/workspace/other/sca/scala-practise/src/main/scala/Main.scala:23:5: stale scalac error: illegal start of simple expression
    } yield ()
    ^
INFO  compiling scala-practise (1 scala source)
INFO  time: compiled scala-practise in 0.11s
ERROR Failed to compile 'scala-practise'
INFO  compiling scala-practise (1 scala source)
INFO  time: compiled scala-practise in 0.11s
ERROR Failed to compile 'scala-practise'
INFO  compiling scala-practise (1 scala source)
INFO  time: compiled scala-practise in 0.17s
ERROR Failed to compile 'scala-practise'
INFO  compiling scala-practise (1 scala source)
INFO  time: compiled scala-practise in 0.21s
ERROR Failed to compile 'scala-practise'
Oct 20, 2019 12:04:26 PM scala.meta.internal.pc.CompilerAccess handleError
SEVERE: null
java.lang.NullPointerException
	at scala.meta.internal.pc.HoverProvider.seenFromType(HoverProvider.scala:106)
	at scala.meta.internal.pc.HoverProvider.hover(HoverProvider.scala:42)

INFO  compiling scala-practise (1 scala source)
INFO  time: compiled scala-practise in 96ms
ERROR Failed to compile 'scala-practise'
INFO  compiling scala-practise (1 scala source)
INFO  time: compiled scala-practise in 0.22s
ERROR Failed to compile 'scala-practise'
INFO  compiling scala-practise (1 scala source)
INFO  time: compiled scala-practise in 0.17s
ERROR Failed to compile 'scala-practise'
INFO  compiling scala-practise (1 scala source)
INFO  time: compiled scala-practise in 0.26s
ERROR Failed to compile 'scala-practise'
INFO  /home/mahamed/workspace/other/sca/scala-practise/src/main/scala/Main.scala:22:48: stale scalac error: not found: value l
      _ <- IO{println(s"finished printing ###${l}")}
                                               ^
INFO  /home/mahamed/workspace/other/sca/scala-practise/src/main/scala/Main.scala:22:48: stale scalac error: not found: value l
      _ <- IO{println(s"finished printing ###${l}")}
                                               ^
INFO  compiling scala-practise (1 scala source)
INFO  time: compiled scala-practise in 0.67s
INFO  compiling scala-practise (1 scala source)
INFO  time: compiled scala-practise in 1.03s
INFO  compiling scala-practise (1 scala source)
INFO  time: compiled scala-practise in 0.14s
ERROR Failed to compile 'scala-practise'
INFO  compiling scala-practise (1 scala source)
INFO  time: compiled scala-practise in 0.15s
ERROR Failed to compile 'scala-practise'
INFO  compiling scala-practise (1 scala source)
INFO  time: compiled scala-practise in 0.18s
ERROR Failed to compile 'scala-practise'
INFO  compiling scala-practise (1 scala source)
INFO  time: compiled scala-practise in 0.14s
ERROR Failed to compile 'scala-practise'
INFO  compiling scala-practise (1 scala source)
INFO  time: compiled scala-practise in 0.68s
INFO  compiling scala-practise (1 scala source)
INFO  time: compiled scala-practise in 0.53s
INFO  compiling scala-practise (1 scala source)
INFO  time: compiled scala-practise in 0.48s
INFO  compiling scala-practise (1 scala source)
INFO  time: compiled scala-practise in 0.75s
INFO  compiling scala-practise (1 scala source)
INFO  time: compiled scala-practise in 0.6s
ERROR Failed to compile 'scala-practise'
INFO  compiling scala-practise (1 scala source)
INFO  time: compiled scala-practise in 1.15s
ERROR Failed to compile 'scala-practise'
INFO  compiling scala-practise (1 scala source)
INFO  time: compiled scala-practise in 2.06s
